complete seed=10 fold=0 d=1 model=common elapsed=0.684s
complete seed=10 fold=0 d=1 model=shared elapsed=0.689s
complete seed=10 fold=0 d=1 model=separate elapsed=0.675s
complete seed=10 fold=0 d=1 model=random elapsed=0.576s
complete seed=10 fold=0 d=1 model=orthogonal elapsed=0.675s
complete seed=10 fold=0 d=1 model=shuffled elapsed=0.667s
complete seed=10 fold=0 d=2 model=common elapsed=0.716s
complete seed=10 fold=0 d=2 model=shared elapsed=0.710s
complete seed=10 fold=0 d=2 model=separate elapsed=0.698s
complete seed=10 fold=0 d=2 model=random elapsed=0.619s
complete seed=10 fold=0 d=2 model=orthogonal elapsed=0.709s
complete seed=10 fold=0 d=2 model=shuffled elapsed=0.713s
complete seed=10 fold=0 d=4 model=common elapsed=0.745s
complete seed=10 fold=0 d=4 model=shared elapsed=0.739s
complete seed=10 fold=0 d=4 model=separate elapsed=0.733s
complete seed=10 fold=0 d=4 model=random elapsed=0.649s
complete seed=10 fold=0 d=4 model=orthogonal elapsed=0.733s
complete seed=10 fold=0 d=4 model=shuffled elapsed=0.726s
complete seed=10 fold=0 d=8 model=common elapsed=0.770s
complete seed=10 fold=0 d=8 model=shared elapsed=0.767s
complete seed=10 fold=0 d=8 model=separate elapsed=0.769s
complete seed=10 fold=0 d=8 model=random elapsed=0.680s
complete seed=10 fold=0 d=8 model=orthogonal elapsed=0.769s
complete seed=10 fold=0 d=8 model=shuffled elapsed=0.770s
complete seed=10 fold=0 d=16 model=common elapsed=0.940s
complete seed=10 fold=0 d=16 model=shared elapsed=0.930s
complete seed=10 fold=0 d=16 model=separate elapsed=0.943s
complete seed=10 fold=0 d=16 model=random elapsed=0.848s
complete seed=10 fold=0 d=16 model=orthogonal elapsed=0.938s
complete seed=10 fold=0 d=16 model=shuffled elapsed=0.930s
complete seed=10 fold=0 d=32 model=common elapsed=1.543s
complete seed=10 fold=0 d=32 model=shared elapsed=1.544s
complete seed=10 fold=0 d=32 model=separate elapsed=1.540s
complete seed=10 fold=0 d=32 model=random elapsed=1.455s
complete seed=10 fold=0 d=32 model=orthogonal elapsed=1.549s
complete seed=10 fold=0 d=32 model=shuffled elapsed=1.521s
complete seed=10 fold=1 d=1 model=common elapsed=0.633s
complete seed=10 fold=1 d=1 model=shared elapsed=0.634s
complete seed=10 fold=1 d=1 model=separate elapsed=0.642s
complete seed=10 fold=1 d=1 model=random elapsed=0.557s
complete seed=10 fold=1 d=1 model=orthogonal elapsed=0.633s
complete seed=10 fold=1 d=1 model=shuffled elapsed=0.634s
complete seed=10 fold=1 d=2 model=common elapsed=0.687s
complete seed=10 fold=1 d=2 model=shared elapsed=0.679s
complete seed=10 fold=1 d=2 model=separate elapsed=0.681s
complete seed=10 fold=1 d=2 model=random elapsed=0.600s
complete seed=10 fold=1 d=2 model=orthogonal elapsed=0.681s
complete seed=10 fold=1 d=2 model=shuffled elapsed=0.678s
complete seed=10 fold=1 d=4 model=common elapsed=0.709s
complete seed=10 fold=1 d=4 model=shared elapsed=0.706s
complete seed=10 fold=1 d=4 model=separate elapsed=0.717s
complete seed=10 fold=1 d=4 model=random elapsed=0.629s
complete seed=10 fold=1 d=4 model=orthogonal elapsed=0.714s
complete seed=10 fold=1 d=4 model=shuffled elapsed=0.705s
complete seed=10 fold=1 d=8 model=common elapsed=0.758s
complete seed=10 fold=1 d=8 model=shared elapsed=0.754s
complete seed=10 fold=1 d=8 model=separate elapsed=0.757s
complete seed=10 fold=1 d=8 model=random elapsed=0.677s
complete seed=10 fold=1 d=8 model=orthogonal elapsed=0.757s
complete seed=10 fold=1 d=8 model=shuffled elapsed=0.758s
complete seed=10 fold=1 d=16 model=common elapsed=0.927s
complete seed=10 fold=1 d=16 model=shared elapsed=0.925s
complete seed=10 fold=1 d=16 model=separate elapsed=0.930s
complete seed=10 fold=1 d=16 model=random elapsed=0.854s
complete seed=10 fold=1 d=16 model=orthogonal elapsed=0.924s
complete seed=10 fold=1 d=16 model=shuffled elapsed=0.914s
complete seed=10 fold=1 d=32 model=common elapsed=1.524s
complete seed=10 fold=1 d=32 model=shared elapsed=1.526s
complete seed=10 fold=1 d=32 model=separate elapsed=1.538s
complete seed=10 fold=1 d=32 model=random elapsed=1.449s
complete seed=10 fold=1 d=32 model=orthogonal elapsed=1.543s
complete seed=10 fold=1 d=32 model=shuffled elapsed=1.508s
complete seed=10 fold=2 d=1 model=common elapsed=0.633s
complete seed=10 fold=2 d=1 model=shared elapsed=0.637s
complete seed=10 fold=2 d=1 model=separate elapsed=0.641s
complete seed=10 fold=2 d=1 model=random elapsed=0.559s
complete seed=10 fold=2 d=1 model=orthogonal elapsed=0.635s
complete seed=10 fold=2 d=1 model=shuffled elapsed=0.633s
complete seed=10 fold=2 d=2 model=common elapsed=0.682s
complete seed=10 fold=2 d=2 model=shared elapsed=0.682s
complete seed=10 fold=2 d=2 model=separate elapsed=0.683s
complete seed=10 fold=2 d=2 model=random elapsed=0.604s
complete seed=10 fold=2 d=2 model=orthogonal elapsed=0.681s
complete seed=10 fold=2 d=2 model=shuffled elapsed=0.681s
complete seed=10 fold=2 d=4 model=common elapsed=0.715s
complete seed=10 fold=2 d=4 model=shared elapsed=0.715s
complete seed=10 fold=2 d=4 model=separate elapsed=0.712s
complete seed=10 fold=2 d=4 model=random elapsed=0.629s
complete seed=10 fold=2 d=4 model=orthogonal elapsed=0.713s
complete seed=10 fold=2 d=4 model=shuffled elapsed=0.708s
complete seed=10 fold=2 d=8 model=common elapsed=0.758s
complete seed=10 fold=2 d=8 model=shared elapsed=0.760s
complete seed=10 fold=2 d=8 model=separate elapsed=0.758s
complete seed=10 fold=2 d=8 model=random elapsed=0.672s
complete seed=10 fold=2 d=8 model=orthogonal elapsed=0.756s
complete seed=10 fold=2 d=8 model=shuffled elapsed=0.750s
complete seed=10 fold=2 d=16 model=common elapsed=0.944s
complete seed=10 fold=2 d=16 model=shared elapsed=0.932s
complete seed=10 fold=2 d=16 model=separate elapsed=0.929s
complete seed=10 fold=2 d=16 model=random elapsed=0.849s
complete seed=10 fold=2 d=16 model=orthogonal elapsed=0.932s
complete seed=10 fold=2 d=16 model=shuffled elapsed=0.934s
complete seed=10 fold=2 d=32 model=common elapsed=1.529s
complete seed=10 fold=2 d=32 model=shared elapsed=1.547s
complete seed=10 fold=2 d=32 model=separate elapsed=1.538s
complete seed=10 fold=2 d=32 model=random elapsed=1.442s
complete seed=10 fold=2 d=32 model=orthogonal elapsed=1.543s
complete seed=10 fold=2 d=32 model=shuffled elapsed=1.529s
