complete seed=7 fold=0 d=1 model=common elapsed=0.673s
complete seed=7 fold=0 d=1 model=shared elapsed=0.664s
complete seed=7 fold=0 d=1 model=separate elapsed=0.658s
complete seed=7 fold=0 d=1 model=random elapsed=0.572s
complete seed=7 fold=0 d=1 model=orthogonal elapsed=0.668s
complete seed=7 fold=0 d=1 model=shuffled elapsed=0.665s
complete seed=7 fold=0 d=2 model=common elapsed=0.710s
complete seed=7 fold=0 d=2 model=shared elapsed=0.711s
complete seed=7 fold=0 d=2 model=separate elapsed=0.699s
complete seed=7 fold=0 d=2 model=random elapsed=0.605s
complete seed=7 fold=0 d=2 model=orthogonal elapsed=0.713s
complete seed=7 fold=0 d=2 model=shuffled elapsed=0.699s
complete seed=7 fold=0 d=4 model=common elapsed=0.732s
complete seed=7 fold=0 d=4 model=shared elapsed=0.729s
complete seed=7 fold=0 d=4 model=separate elapsed=0.719s
complete seed=7 fold=0 d=4 model=random elapsed=0.634s
complete seed=7 fold=0 d=4 model=orthogonal elapsed=0.726s
complete seed=7 fold=0 d=4 model=shuffled elapsed=0.715s
complete seed=7 fold=0 d=8 model=common elapsed=0.766s
complete seed=7 fold=0 d=8 model=shared elapsed=0.778s
complete seed=7 fold=0 d=8 model=separate elapsed=0.770s
complete seed=7 fold=0 d=8 model=random elapsed=0.675s
complete seed=7 fold=0 d=8 model=orthogonal elapsed=0.770s
complete seed=7 fold=0 d=8 model=shuffled elapsed=0.762s
complete seed=7 fold=0 d=16 model=common elapsed=0.939s
complete seed=7 fold=0 d=16 model=shared elapsed=0.942s
complete seed=7 fold=0 d=16 model=separate elapsed=0.946s
complete seed=7 fold=0 d=16 model=random elapsed=0.849s
complete seed=7 fold=0 d=16 model=orthogonal elapsed=0.939s
complete seed=7 fold=0 d=16 model=shuffled elapsed=0.933s
complete seed=7 fold=0 d=32 model=common elapsed=1.563s
complete seed=7 fold=0 d=32 model=shared elapsed=1.560s
complete seed=7 fold=0 d=32 model=separate elapsed=1.547s
complete seed=7 fold=0 d=32 model=random elapsed=1.452s
complete seed=7 fold=0 d=32 model=orthogonal elapsed=1.562s
complete seed=7 fold=0 d=32 model=shuffled elapsed=1.535s
complete seed=7 fold=1 d=1 model=common elapsed=0.647s
complete seed=7 fold=1 d=1 model=shared elapsed=0.639s
complete seed=7 fold=1 d=1 model=separate elapsed=0.639s
complete seed=7 fold=1 d=1 model=random elapsed=0.557s
complete seed=7 fold=1 d=1 model=orthogonal elapsed=0.640s
complete seed=7 fold=1 d=1 model=shuffled elapsed=0.638s
complete seed=7 fold=1 d=2 model=common elapsed=0.682s
complete seed=7 fold=1 d=2 model=shared elapsed=0.684s
complete seed=7 fold=1 d=2 model=separate elapsed=0.681s
complete seed=7 fold=1 d=2 model=random elapsed=0.594s
complete seed=7 fold=1 d=2 model=orthogonal elapsed=0.686s
complete seed=7 fold=1 d=2 model=shuffled elapsed=0.682s
complete seed=7 fold=1 d=4 model=common elapsed=0.716s
complete seed=7 fold=1 d=4 model=shared elapsed=0.718s
complete seed=7 fold=1 d=4 model=separate elapsed=0.722s
complete seed=7 fold=1 d=4 model=random elapsed=0.633s
complete seed=7 fold=1 d=4 model=orthogonal elapsed=0.716s
complete seed=7 fold=1 d=4 model=shuffled elapsed=0.708s
complete seed=7 fold=1 d=8 model=common elapsed=0.762s
complete seed=7 fold=1 d=8 model=shared elapsed=0.758s
complete seed=7 fold=1 d=8 model=separate elapsed=0.757s
complete seed=7 fold=1 d=8 model=random elapsed=0.678s
complete seed=7 fold=1 d=8 model=orthogonal elapsed=0.760s
complete seed=7 fold=1 d=8 model=shuffled elapsed=0.753s
complete seed=7 fold=1 d=16 model=common elapsed=0.930s
complete seed=7 fold=1 d=16 model=shared elapsed=0.931s
complete seed=7 fold=1 d=16 model=separate elapsed=0.938s
complete seed=7 fold=1 d=16 model=random elapsed=0.849s
complete seed=7 fold=1 d=16 model=orthogonal elapsed=0.938s
complete seed=7 fold=1 d=16 model=shuffled elapsed=0.922s
complete seed=7 fold=1 d=32 model=common elapsed=1.540s
complete seed=7 fold=1 d=32 model=shared elapsed=1.568s
complete seed=7 fold=1 d=32 model=separate elapsed=1.562s
complete seed=7 fold=1 d=32 model=random elapsed=1.451s
complete seed=7 fold=1 d=32 model=orthogonal elapsed=1.550s
complete seed=7 fold=1 d=32 model=shuffled elapsed=1.534s
complete seed=7 fold=2 d=1 model=common elapsed=0.644s
complete seed=7 fold=2 d=1 model=shared elapsed=0.640s
complete seed=7 fold=2 d=1 model=separate elapsed=0.638s
complete seed=7 fold=2 d=1 model=random elapsed=0.553s
complete seed=7 fold=2 d=1 model=orthogonal elapsed=0.638s
complete seed=7 fold=2 d=1 model=shuffled elapsed=0.638s
complete seed=7 fold=2 d=2 model=common elapsed=0.683s
complete seed=7 fold=2 d=2 model=shared elapsed=0.681s
complete seed=7 fold=2 d=2 model=separate elapsed=0.680s
complete seed=7 fold=2 d=2 model=random elapsed=0.593s
complete seed=7 fold=2 d=2 model=orthogonal elapsed=0.684s
complete seed=7 fold=2 d=2 model=shuffled elapsed=0.678s
complete seed=7 fold=2 d=4 model=common elapsed=0.711s
complete seed=7 fold=2 d=4 model=shared elapsed=0.711s
complete seed=7 fold=2 d=4 model=separate elapsed=0.711s
complete seed=7 fold=2 d=4 model=random elapsed=0.624s
complete seed=7 fold=2 d=4 model=orthogonal elapsed=0.711s
complete seed=7 fold=2 d=4 model=shuffled elapsed=0.712s
complete seed=7 fold=2 d=8 model=common elapsed=0.760s
complete seed=7 fold=2 d=8 model=shared elapsed=0.758s
complete seed=7 fold=2 d=8 model=separate elapsed=0.756s
complete seed=7 fold=2 d=8 model=random elapsed=0.671s
complete seed=7 fold=2 d=8 model=orthogonal elapsed=0.759s
complete seed=7 fold=2 d=8 model=shuffled elapsed=0.753s
complete seed=7 fold=2 d=16 model=common elapsed=0.933s
complete seed=7 fold=2 d=16 model=shared elapsed=0.931s
complete seed=7 fold=2 d=16 model=separate elapsed=0.935s
complete seed=7 fold=2 d=16 model=random elapsed=0.850s
complete seed=7 fold=2 d=16 model=orthogonal elapsed=0.945s
complete seed=7 fold=2 d=16 model=shuffled elapsed=0.921s
complete seed=7 fold=2 d=32 model=common elapsed=1.543s
complete seed=7 fold=2 d=32 model=shared elapsed=1.540s
complete seed=7 fold=2 d=32 model=separate elapsed=1.537s
complete seed=7 fold=2 d=32 model=random elapsed=1.462s
complete seed=7 fold=2 d=32 model=orthogonal elapsed=1.553s
complete seed=7 fold=2 d=32 model=shuffled elapsed=1.525s
