complete seed=6 fold=0 d=1 model=common elapsed=0.690s
complete seed=6 fold=0 d=1 model=shared elapsed=0.666s
complete seed=6 fold=0 d=1 model=separate elapsed=0.661s
complete seed=6 fold=0 d=1 model=random elapsed=0.593s
complete seed=6 fold=0 d=1 model=orthogonal elapsed=0.666s
complete seed=6 fold=0 d=1 model=shuffled elapsed=0.665s
complete seed=6 fold=0 d=2 model=common elapsed=0.710s
complete seed=6 fold=0 d=2 model=shared elapsed=0.708s
complete seed=6 fold=0 d=2 model=separate elapsed=0.707s
complete seed=6 fold=0 d=2 model=random elapsed=0.623s
complete seed=6 fold=0 d=2 model=orthogonal elapsed=0.707s
complete seed=6 fold=0 d=2 model=shuffled elapsed=0.696s
complete seed=6 fold=0 d=4 model=common elapsed=0.738s
complete seed=6 fold=0 d=4 model=shared elapsed=0.733s
complete seed=6 fold=0 d=4 model=separate elapsed=0.742s
complete seed=6 fold=0 d=4 model=random elapsed=0.660s
complete seed=6 fold=0 d=4 model=orthogonal elapsed=0.733s
complete seed=6 fold=0 d=4 model=shuffled elapsed=0.734s
complete seed=6 fold=0 d=8 model=common elapsed=0.781s
complete seed=6 fold=0 d=8 model=shared elapsed=0.783s
complete seed=6 fold=0 d=8 model=separate elapsed=0.779s
complete seed=6 fold=0 d=8 model=random elapsed=0.701s
complete seed=6 fold=0 d=8 model=orthogonal elapsed=0.779s
complete seed=6 fold=0 d=8 model=shuffled elapsed=0.774s
complete seed=6 fold=0 d=16 model=common elapsed=0.950s
complete seed=6 fold=0 d=16 model=shared elapsed=0.968s
complete seed=6 fold=0 d=16 model=separate elapsed=0.958s
complete seed=6 fold=0 d=16 model=random elapsed=0.876s
complete seed=6 fold=0 d=16 model=orthogonal elapsed=0.954s
complete seed=6 fold=0 d=16 model=shuffled elapsed=0.959s
complete seed=6 fold=0 d=32 model=common elapsed=1.570s
complete seed=6 fold=0 d=32 model=shared elapsed=1.573s
complete seed=6 fold=0 d=32 model=separate elapsed=1.568s
complete seed=6 fold=0 d=32 model=random elapsed=1.483s
complete seed=6 fold=0 d=32 model=orthogonal elapsed=1.581s
complete seed=6 fold=0 d=32 model=shuffled elapsed=1.669s
complete seed=6 fold=1 d=1 model=common elapsed=0.718s
complete seed=6 fold=1 d=1 model=shared elapsed=0.660s
complete seed=6 fold=1 d=1 model=separate elapsed=0.657s
complete seed=6 fold=1 d=1 model=random elapsed=0.571s
complete seed=6 fold=1 d=1 model=orthogonal elapsed=0.649s
complete seed=6 fold=1 d=1 model=shuffled elapsed=0.655s
complete seed=6 fold=1 d=2 model=common elapsed=0.702s
complete seed=6 fold=1 d=2 model=shared elapsed=0.694s
complete seed=6 fold=1 d=2 model=separate elapsed=0.699s
complete seed=6 fold=1 d=2 model=random elapsed=0.615s
complete seed=6 fold=1 d=2 model=orthogonal elapsed=0.695s
complete seed=6 fold=1 d=2 model=shuffled elapsed=0.689s
complete seed=6 fold=1 d=4 model=common elapsed=0.727s
complete seed=6 fold=1 d=4 model=shared elapsed=0.724s
complete seed=6 fold=1 d=4 model=separate elapsed=0.731s
complete seed=6 fold=1 d=4 model=random elapsed=0.652s
complete seed=6 fold=1 d=4 model=orthogonal elapsed=0.730s
complete seed=6 fold=1 d=4 model=shuffled elapsed=0.722s
complete seed=6 fold=1 d=8 model=common elapsed=0.774s
complete seed=6 fold=1 d=8 model=shared elapsed=0.781s
complete seed=6 fold=1 d=8 model=separate elapsed=0.782s
complete seed=6 fold=1 d=8 model=random elapsed=0.693s
complete seed=6 fold=1 d=8 model=orthogonal elapsed=0.814s
complete seed=6 fold=1 d=8 model=shuffled elapsed=0.772s
complete seed=6 fold=1 d=16 model=common elapsed=0.939s
complete seed=6 fold=1 d=16 model=shared elapsed=0.949s
complete seed=6 fold=1 d=16 model=separate elapsed=0.959s
complete seed=6 fold=1 d=16 model=random elapsed=0.881s
complete seed=6 fold=1 d=16 model=orthogonal elapsed=0.957s
complete seed=6 fold=1 d=16 model=shuffled elapsed=0.944s
complete seed=6 fold=1 d=32 model=common elapsed=1.566s
complete seed=6 fold=1 d=32 model=shared elapsed=1.563s
complete seed=6 fold=1 d=32 model=separate elapsed=1.567s
complete seed=6 fold=1 d=32 model=random elapsed=1.479s
complete seed=6 fold=1 d=32 model=orthogonal elapsed=1.563s
complete seed=6 fold=1 d=32 model=shuffled elapsed=1.532s
complete seed=6 fold=2 d=1 model=common elapsed=0.658s
complete seed=6 fold=2 d=1 model=shared elapsed=0.657s
complete seed=6 fold=2 d=1 model=separate elapsed=0.658s
complete seed=6 fold=2 d=1 model=random elapsed=0.573s
complete seed=6 fold=2 d=1 model=orthogonal elapsed=0.654s
complete seed=6 fold=2 d=1 model=shuffled elapsed=0.653s
complete seed=6 fold=2 d=2 model=common elapsed=0.699s
complete seed=6 fold=2 d=2 model=shared elapsed=0.701s
complete seed=6 fold=2 d=2 model=separate elapsed=0.709s
complete seed=6 fold=2 d=2 model=random elapsed=0.617s
complete seed=6 fold=2 d=2 model=orthogonal elapsed=0.700s
complete seed=6 fold=2 d=2 model=shuffled elapsed=0.695s
complete seed=6 fold=2 d=4 model=common elapsed=0.735s
complete seed=6 fold=2 d=4 model=shared elapsed=0.728s
complete seed=6 fold=2 d=4 model=separate elapsed=0.730s
complete seed=6 fold=2 d=4 model=random elapsed=0.646s
complete seed=6 fold=2 d=4 model=orthogonal elapsed=0.739s
complete seed=6 fold=2 d=4 model=shuffled elapsed=0.741s
complete seed=6 fold=2 d=8 model=common elapsed=0.773s
complete seed=6 fold=2 d=8 model=shared elapsed=0.771s
complete seed=6 fold=2 d=8 model=separate elapsed=0.778s
complete seed=6 fold=2 d=8 model=random elapsed=0.692s
complete seed=6 fold=2 d=8 model=orthogonal elapsed=0.776s
complete seed=6 fold=2 d=8 model=shuffled elapsed=0.771s
complete seed=6 fold=2 d=16 model=common elapsed=0.964s
complete seed=6 fold=2 d=16 model=shared elapsed=0.958s
complete seed=6 fold=2 d=16 model=separate elapsed=1.080s
complete seed=6 fold=2 d=16 model=random elapsed=0.897s
complete seed=6 fold=2 d=16 model=orthogonal elapsed=0.965s
complete seed=6 fold=2 d=16 model=shuffled elapsed=0.946s
complete seed=6 fold=2 d=32 model=common elapsed=1.547s
complete seed=6 fold=2 d=32 model=shared elapsed=1.584s
complete seed=6 fold=2 d=32 model=separate elapsed=1.575s
complete seed=6 fold=2 d=32 model=random elapsed=1.496s
complete seed=6 fold=2 d=32 model=orthogonal elapsed=1.588s
complete seed=6 fold=2 d=32 model=shuffled elapsed=1.544s
