complete seed=19 fold=0 d=1 model=common elapsed=0.683s
complete seed=19 fold=0 d=1 model=shared elapsed=0.658s
complete seed=19 fold=0 d=1 model=separate elapsed=0.651s
complete seed=19 fold=0 d=1 model=random elapsed=0.568s
complete seed=19 fold=0 d=1 model=orthogonal elapsed=0.656s
complete seed=19 fold=0 d=1 model=shuffled elapsed=0.657s
complete seed=19 fold=0 d=2 model=common elapsed=0.780s
complete seed=19 fold=0 d=2 model=shared elapsed=0.727s
complete seed=19 fold=0 d=2 model=separate elapsed=0.710s
complete seed=19 fold=0 d=2 model=random elapsed=0.622s
complete seed=19 fold=0 d=2 model=orthogonal elapsed=0.715s
complete seed=19 fold=0 d=2 model=shuffled elapsed=0.706s
complete seed=19 fold=0 d=4 model=common elapsed=0.740s
complete seed=19 fold=0 d=4 model=shared elapsed=0.731s
complete seed=19 fold=0 d=4 model=separate elapsed=0.726s
complete seed=19 fold=0 d=4 model=random elapsed=0.637s
complete seed=19 fold=0 d=4 model=orthogonal elapsed=0.727s
complete seed=19 fold=0 d=4 model=shuffled elapsed=0.719s
complete seed=19 fold=0 d=8 model=common elapsed=0.778s
complete seed=19 fold=0 d=8 model=shared elapsed=0.769s
complete seed=19 fold=0 d=8 model=separate elapsed=0.761s
complete seed=19 fold=0 d=8 model=random elapsed=0.682s
complete seed=19 fold=0 d=8 model=orthogonal elapsed=0.762s
complete seed=19 fold=0 d=8 model=shuffled elapsed=0.757s
complete seed=19 fold=0 d=16 model=common elapsed=0.933s
complete seed=19 fold=0 d=16 model=shared elapsed=0.936s
complete seed=19 fold=0 d=16 model=separate elapsed=0.945s
complete seed=19 fold=0 d=16 model=random elapsed=0.849s
complete seed=19 fold=0 d=16 model=orthogonal elapsed=0.933s
complete seed=19 fold=0 d=16 model=shuffled elapsed=0.926s
complete seed=19 fold=0 d=32 model=common elapsed=1.528s
complete seed=19 fold=0 d=32 model=shared elapsed=1.545s
complete seed=19 fold=0 d=32 model=separate elapsed=1.541s
complete seed=19 fold=0 d=32 model=random elapsed=1.455s
complete seed=19 fold=0 d=32 model=orthogonal elapsed=1.548s
complete seed=19 fold=0 d=32 model=shuffled elapsed=1.536s
complete seed=19 fold=1 d=1 model=common elapsed=0.638s
complete seed=19 fold=1 d=1 model=shared elapsed=0.635s
complete seed=19 fold=1 d=1 model=separate elapsed=0.640s
complete seed=19 fold=1 d=1 model=random elapsed=0.558s
complete seed=19 fold=1 d=1 model=orthogonal elapsed=0.643s
complete seed=19 fold=1 d=1 model=shuffled elapsed=0.638s
complete seed=19 fold=1 d=2 model=common elapsed=0.681s
complete seed=19 fold=1 d=2 model=shared elapsed=0.680s
complete seed=19 fold=1 d=2 model=separate elapsed=0.683s
complete seed=19 fold=1 d=2 model=random elapsed=0.598s
complete seed=19 fold=1 d=2 model=orthogonal elapsed=0.678s
complete seed=19 fold=1 d=2 model=shuffled elapsed=0.673s
complete seed=19 fold=1 d=4 model=common elapsed=0.709s
complete seed=19 fold=1 d=4 model=shared elapsed=0.709s
complete seed=19 fold=1 d=4 model=separate elapsed=0.710s
complete seed=19 fold=1 d=4 model=random elapsed=0.630s
complete seed=19 fold=1 d=4 model=orthogonal elapsed=0.707s
complete seed=19 fold=1 d=4 model=shuffled elapsed=0.698s
complete seed=19 fold=1 d=8 model=common elapsed=0.749s
complete seed=19 fold=1 d=8 model=shared elapsed=0.749s
complete seed=19 fold=1 d=8 model=separate elapsed=0.749s
complete seed=19 fold=1 d=8 model=random elapsed=0.665s
complete seed=19 fold=1 d=8 model=orthogonal elapsed=0.744s
complete seed=19 fold=1 d=8 model=shuffled elapsed=0.737s
complete seed=19 fold=1 d=16 model=common elapsed=0.924s
complete seed=19 fold=1 d=16 model=shared elapsed=0.930s
complete seed=19 fold=1 d=16 model=separate elapsed=0.947s
complete seed=19 fold=1 d=16 model=random elapsed=0.847s
complete seed=19 fold=1 d=16 model=orthogonal elapsed=0.930s
complete seed=19 fold=1 d=16 model=shuffled elapsed=0.923s
complete seed=19 fold=1 d=32 model=common elapsed=1.519s
complete seed=19 fold=1 d=32 model=shared elapsed=1.540s
complete seed=19 fold=1 d=32 model=separate elapsed=1.545s
complete seed=19 fold=1 d=32 model=random elapsed=1.447s
complete seed=19 fold=1 d=32 model=orthogonal elapsed=1.536s
complete seed=19 fold=1 d=32 model=shuffled elapsed=1.520s
complete seed=19 fold=2 d=1 model=common elapsed=0.635s
complete seed=19 fold=2 d=1 model=shared elapsed=0.636s
complete seed=19 fold=2 d=1 model=separate elapsed=0.635s
complete seed=19 fold=2 d=1 model=random elapsed=0.549s
complete seed=19 fold=2 d=1 model=orthogonal elapsed=0.637s
complete seed=19 fold=2 d=1 model=shuffled elapsed=0.639s
complete seed=19 fold=2 d=2 model=common elapsed=0.684s
complete seed=19 fold=2 d=2 model=shared elapsed=0.685s
complete seed=19 fold=2 d=2 model=separate elapsed=0.682s
complete seed=19 fold=2 d=2 model=random elapsed=0.591s
complete seed=19 fold=2 d=2 model=orthogonal elapsed=0.680s
complete seed=19 fold=2 d=2 model=shuffled elapsed=0.679s
complete seed=19 fold=2 d=4 model=common elapsed=0.713s
complete seed=19 fold=2 d=4 model=shared elapsed=0.713s
complete seed=19 fold=2 d=4 model=separate elapsed=0.714s
complete seed=19 fold=2 d=4 model=random elapsed=0.622s
complete seed=19 fold=2 d=4 model=orthogonal elapsed=0.721s
complete seed=19 fold=2 d=4 model=shuffled elapsed=0.715s
complete seed=19 fold=2 d=8 model=common elapsed=0.776s
complete seed=19 fold=2 d=8 model=shared elapsed=0.784s
complete seed=19 fold=2 d=8 model=separate elapsed=0.760s
complete seed=19 fold=2 d=8 model=random elapsed=0.675s
complete seed=19 fold=2 d=8 model=orthogonal elapsed=0.758s
complete seed=19 fold=2 d=8 model=shuffled elapsed=0.775s
complete seed=19 fold=2 d=16 model=common elapsed=0.947s
complete seed=19 fold=2 d=16 model=shared elapsed=0.938s
complete seed=19 fold=2 d=16 model=separate elapsed=0.938s
complete seed=19 fold=2 d=16 model=random elapsed=0.855s
complete seed=19 fold=2 d=16 model=orthogonal elapsed=0.947s
complete seed=19 fold=2 d=16 model=shuffled elapsed=0.932s
complete seed=19 fold=2 d=32 model=common elapsed=1.575s
complete seed=19 fold=2 d=32 model=shared elapsed=1.564s
complete seed=19 fold=2 d=32 model=separate elapsed=1.561s
complete seed=19 fold=2 d=32 model=random elapsed=1.460s
complete seed=19 fold=2 d=32 model=orthogonal elapsed=1.571s
complete seed=19 fold=2 d=32 model=shuffled elapsed=1.542s
