complete seed=0 fold=0 d=1 model=common elapsed=0.654s
complete seed=0 fold=0 d=1 model=shared elapsed=0.637s
complete seed=0 fold=0 d=1 model=separate elapsed=0.628s
complete seed=0 fold=0 d=1 model=random elapsed=0.570s
complete seed=0 fold=0 d=1 model=orthogonal elapsed=0.656s
complete seed=0 fold=0 d=1 model=shuffled elapsed=0.644s
complete seed=0 fold=0 d=2 model=common elapsed=0.699s
complete seed=0 fold=0 d=2 model=shared elapsed=0.680s
complete seed=0 fold=0 d=2 model=separate elapsed=0.687s
complete seed=0 fold=0 d=2 model=random elapsed=0.598s
complete seed=0 fold=0 d=2 model=orthogonal elapsed=0.685s
complete seed=0 fold=0 d=2 model=shuffled elapsed=0.681s
complete seed=0 fold=0 d=4 model=common elapsed=0.715s
complete seed=0 fold=0 d=4 model=shared elapsed=0.707s
complete seed=0 fold=0 d=4 model=separate elapsed=0.717s
complete seed=0 fold=0 d=4 model=random elapsed=0.627s
complete seed=0 fold=0 d=4 model=orthogonal elapsed=0.713s
complete seed=0 fold=0 d=4 model=shuffled elapsed=0.716s
complete seed=0 fold=0 d=8 model=common elapsed=0.766s
complete seed=0 fold=0 d=8 model=shared elapsed=0.766s
complete seed=0 fold=0 d=8 model=separate elapsed=0.760s
complete seed=0 fold=0 d=8 model=random elapsed=0.674s
complete seed=0 fold=0 d=8 model=orthogonal elapsed=0.759s
complete seed=0 fold=0 d=8 model=shuffled elapsed=0.768s
complete seed=0 fold=0 d=16 model=common elapsed=0.930s
complete seed=0 fold=0 d=16 model=shared elapsed=0.943s
complete seed=0 fold=0 d=16 model=separate elapsed=0.935s
complete seed=0 fold=0 d=16 model=random elapsed=0.843s
complete seed=0 fold=0 d=16 model=orthogonal elapsed=0.935s
complete seed=0 fold=0 d=16 model=shuffled elapsed=0.930s
complete seed=0 fold=0 d=32 model=common elapsed=1.536s
complete seed=0 fold=0 d=32 model=shared elapsed=1.526s
complete seed=0 fold=0 d=32 model=separate elapsed=1.523s
complete seed=0 fold=0 d=32 model=random elapsed=1.464s
complete seed=0 fold=0 d=32 model=orthogonal elapsed=1.547s
complete seed=0 fold=0 d=32 model=shuffled elapsed=1.521s
complete seed=0 fold=1 d=1 model=common elapsed=0.636s
complete seed=0 fold=1 d=1 model=shared elapsed=0.637s
complete seed=0 fold=1 d=1 model=separate elapsed=0.636s
complete seed=0 fold=1 d=1 model=random elapsed=0.550s
complete seed=0 fold=1 d=1 model=orthogonal elapsed=0.633s
complete seed=0 fold=1 d=1 model=shuffled elapsed=0.632s
complete seed=0 fold=1 d=2 model=common elapsed=0.675s
complete seed=0 fold=1 d=2 model=shared elapsed=0.675s
complete seed=0 fold=1 d=2 model=separate elapsed=0.676s
complete seed=0 fold=1 d=2 model=random elapsed=0.590s
complete seed=0 fold=1 d=2 model=orthogonal elapsed=0.678s
complete seed=0 fold=1 d=2 model=shuffled elapsed=0.672s
complete seed=0 fold=1 d=4 model=common elapsed=0.715s
complete seed=0 fold=1 d=4 model=shared elapsed=0.712s
complete seed=0 fold=1 d=4 model=separate elapsed=0.709s
complete seed=0 fold=1 d=4 model=random elapsed=0.623s
complete seed=0 fold=1 d=4 model=orthogonal elapsed=0.705s
complete seed=0 fold=1 d=4 model=shuffled elapsed=0.705s
complete seed=0 fold=1 d=8 model=common elapsed=0.752s
complete seed=0 fold=1 d=8 model=shared elapsed=0.753s
complete seed=0 fold=1 d=8 model=separate elapsed=0.754s
complete seed=0 fold=1 d=8 model=random elapsed=0.667s
complete seed=0 fold=1 d=8 model=orthogonal elapsed=0.752s
complete seed=0 fold=1 d=8 model=shuffled elapsed=0.747s
complete seed=0 fold=1 d=16 model=common elapsed=0.948s
complete seed=0 fold=1 d=16 model=shared elapsed=0.965s
complete seed=0 fold=1 d=16 model=separate elapsed=1.018s
complete seed=0 fold=1 d=16 model=random elapsed=0.871s
complete seed=0 fold=1 d=16 model=orthogonal elapsed=0.926s
complete seed=0 fold=1 d=16 model=shuffled elapsed=0.913s
complete seed=0 fold=1 d=32 model=common elapsed=1.521s
complete seed=0 fold=1 d=32 model=shared elapsed=1.527s
complete seed=0 fold=1 d=32 model=separate elapsed=1.516s
complete seed=0 fold=1 d=32 model=random elapsed=1.444s
complete seed=0 fold=1 d=32 model=orthogonal elapsed=1.522s
complete seed=0 fold=1 d=32 model=shuffled elapsed=1.511s
complete seed=0 fold=2 d=1 model=common elapsed=0.624s
complete seed=0 fold=2 d=1 model=shared elapsed=0.624s
complete seed=0 fold=2 d=1 model=separate elapsed=0.628s
complete seed=0 fold=2 d=1 model=random elapsed=0.549s
complete seed=0 fold=2 d=1 model=orthogonal elapsed=0.629s
complete seed=0 fold=2 d=1 model=shuffled elapsed=0.632s
complete seed=0 fold=2 d=2 model=common elapsed=0.673s
complete seed=0 fold=2 d=2 model=shared elapsed=0.671s
complete seed=0 fold=2 d=2 model=separate elapsed=0.672s
complete seed=0 fold=2 d=2 model=random elapsed=0.591s
complete seed=0 fold=2 d=2 model=orthogonal elapsed=0.671s
complete seed=0 fold=2 d=2 model=shuffled elapsed=0.665s
complete seed=0 fold=2 d=4 model=common elapsed=0.698s
complete seed=0 fold=2 d=4 model=shared elapsed=0.698s
complete seed=0 fold=2 d=4 model=separate elapsed=0.699s
complete seed=0 fold=2 d=4 model=random elapsed=0.616s
complete seed=0 fold=2 d=4 model=orthogonal elapsed=0.698s
complete seed=0 fold=2 d=4 model=shuffled elapsed=0.693s
complete seed=0 fold=2 d=8 model=common elapsed=0.739s
complete seed=0 fold=2 d=8 model=shared elapsed=0.740s
complete seed=0 fold=2 d=8 model=separate elapsed=0.745s
complete seed=0 fold=2 d=8 model=random elapsed=0.661s
complete seed=0 fold=2 d=8 model=orthogonal elapsed=0.746s
complete seed=0 fold=2 d=8 model=shuffled elapsed=0.749s
complete seed=0 fold=2 d=16 model=common elapsed=0.927s
complete seed=0 fold=2 d=16 model=shared elapsed=0.921s
complete seed=0 fold=2 d=16 model=separate elapsed=0.936s
complete seed=0 fold=2 d=16 model=random elapsed=0.848s
complete seed=0 fold=2 d=16 model=orthogonal elapsed=0.929s
complete seed=0 fold=2 d=16 model=shuffled elapsed=0.924s
complete seed=0 fold=2 d=32 model=common elapsed=1.526s
complete seed=0 fold=2 d=32 model=shared elapsed=1.529s
complete seed=0 fold=2 d=32 model=separate elapsed=1.532s
complete seed=0 fold=2 d=32 model=random elapsed=1.436s
complete seed=0 fold=2 d=32 model=orthogonal elapsed=1.538s
complete seed=0 fold=2 d=32 model=shuffled elapsed=1.524s
