complete seed=4 fold=0 d=1 model=common elapsed=0.695s
complete seed=4 fold=0 d=1 model=shared elapsed=0.686s
complete seed=4 fold=0 d=1 model=separate elapsed=0.698s
complete seed=4 fold=0 d=1 model=random elapsed=0.587s
complete seed=4 fold=0 d=1 model=orthogonal elapsed=0.664s
complete seed=4 fold=0 d=1 model=shuffled elapsed=0.652s
complete seed=4 fold=0 d=2 model=common elapsed=0.709s
complete seed=4 fold=0 d=2 model=shared elapsed=0.700s
complete seed=4 fold=0 d=2 model=separate elapsed=0.702s
complete seed=4 fold=0 d=2 model=random elapsed=0.612s
complete seed=4 fold=0 d=2 model=orthogonal elapsed=0.699s
complete seed=4 fold=0 d=2 model=shuffled elapsed=0.697s
complete seed=4 fold=0 d=4 model=common elapsed=0.730s
complete seed=4 fold=0 d=4 model=shared elapsed=0.733s
complete seed=4 fold=0 d=4 model=separate elapsed=0.737s
complete seed=4 fold=0 d=4 model=random elapsed=0.646s
complete seed=4 fold=0 d=4 model=orthogonal elapsed=0.733s
complete seed=4 fold=0 d=4 model=shuffled elapsed=0.730s
complete seed=4 fold=0 d=8 model=common elapsed=0.775s
complete seed=4 fold=0 d=8 model=shared elapsed=0.776s
complete seed=4 fold=0 d=8 model=separate elapsed=0.774s
complete seed=4 fold=0 d=8 model=random elapsed=0.686s
complete seed=4 fold=0 d=8 model=orthogonal elapsed=0.784s
complete seed=4 fold=0 d=8 model=shuffled elapsed=0.770s
complete seed=4 fold=0 d=16 model=common elapsed=0.951s
complete seed=4 fold=0 d=16 model=shared elapsed=0.942s
complete seed=4 fold=0 d=16 model=separate elapsed=0.954s
complete seed=4 fold=0 d=16 model=random elapsed=0.864s
complete seed=4 fold=0 d=16 model=orthogonal elapsed=0.963s
complete seed=4 fold=0 d=16 model=shuffled elapsed=0.938s
complete seed=4 fold=0 d=32 model=common elapsed=1.545s
complete seed=4 fold=0 d=32 model=shared elapsed=1.540s
complete seed=4 fold=0 d=32 model=separate elapsed=1.555s
complete seed=4 fold=0 d=32 model=random elapsed=1.465s
complete seed=4 fold=0 d=32 model=orthogonal elapsed=1.579s
complete seed=4 fold=0 d=32 model=shuffled elapsed=1.543s
complete seed=4 fold=1 d=1 model=common elapsed=0.645s
complete seed=4 fold=1 d=1 model=shared elapsed=0.642s
complete seed=4 fold=1 d=1 model=separate elapsed=0.642s
complete seed=4 fold=1 d=1 model=random elapsed=0.567s
complete seed=4 fold=1 d=1 model=orthogonal elapsed=0.644s
complete seed=4 fold=1 d=1 model=shuffled elapsed=0.646s
complete seed=4 fold=1 d=2 model=common elapsed=0.699s
complete seed=4 fold=1 d=2 model=shared elapsed=0.690s
complete seed=4 fold=1 d=2 model=separate elapsed=0.692s
complete seed=4 fold=1 d=2 model=random elapsed=0.608s
complete seed=4 fold=1 d=2 model=orthogonal elapsed=0.693s
complete seed=4 fold=1 d=2 model=shuffled elapsed=0.685s
complete seed=4 fold=1 d=4 model=common elapsed=0.720s
complete seed=4 fold=1 d=4 model=shared elapsed=0.722s
complete seed=4 fold=1 d=4 model=separate elapsed=0.719s
complete seed=4 fold=1 d=4 model=random elapsed=0.632s
complete seed=4 fold=1 d=4 model=orthogonal elapsed=0.720s
complete seed=4 fold=1 d=4 model=shuffled elapsed=0.716s
complete seed=4 fold=1 d=8 model=common elapsed=0.764s
complete seed=4 fold=1 d=8 model=shared elapsed=0.759s
complete seed=4 fold=1 d=8 model=separate elapsed=0.758s
complete seed=4 fold=1 d=8 model=random elapsed=0.679s
complete seed=4 fold=1 d=8 model=orthogonal elapsed=0.770s
complete seed=4 fold=1 d=8 model=shuffled elapsed=0.762s
complete seed=4 fold=1 d=16 model=common elapsed=0.952s
complete seed=4 fold=1 d=16 model=shared elapsed=0.942s
complete seed=4 fold=1 d=16 model=separate elapsed=0.943s
complete seed=4 fold=1 d=16 model=random elapsed=0.850s
complete seed=4 fold=1 d=16 model=orthogonal elapsed=0.928s
complete seed=4 fold=1 d=16 model=shuffled elapsed=0.928s
complete seed=4 fold=1 d=32 model=common elapsed=1.540s
complete seed=4 fold=1 d=32 model=shared elapsed=1.545s
complete seed=4 fold=1 d=32 model=separate elapsed=1.615s
complete seed=4 fold=1 d=32 model=random elapsed=1.472s
complete seed=4 fold=1 d=32 model=orthogonal elapsed=1.547s
complete seed=4 fold=1 d=32 model=shuffled elapsed=1.526s
complete seed=4 fold=2 d=1 model=common elapsed=0.642s
complete seed=4 fold=2 d=1 model=shared elapsed=0.637s
complete seed=4 fold=2 d=1 model=separate elapsed=0.637s
complete seed=4 fold=2 d=1 model=random elapsed=0.562s
complete seed=4 fold=2 d=1 model=orthogonal elapsed=0.637s
complete seed=4 fold=2 d=1 model=shuffled elapsed=0.637s
complete seed=4 fold=2 d=2 model=common elapsed=0.684s
complete seed=4 fold=2 d=2 model=shared elapsed=0.684s
complete seed=4 fold=2 d=2 model=separate elapsed=0.683s
complete seed=4 fold=2 d=2 model=random elapsed=0.599s
complete seed=4 fold=2 d=2 model=orthogonal elapsed=0.688s
complete seed=4 fold=2 d=2 model=shuffled elapsed=0.688s
complete seed=4 fold=2 d=4 model=common elapsed=0.717s
complete seed=4 fold=2 d=4 model=shared elapsed=0.715s
complete seed=4 fold=2 d=4 model=separate elapsed=0.719s
complete seed=4 fold=2 d=4 model=random elapsed=0.634s
complete seed=4 fold=2 d=4 model=orthogonal elapsed=0.712s
complete seed=4 fold=2 d=4 model=shuffled elapsed=0.707s
complete seed=4 fold=2 d=8 model=common elapsed=0.758s
complete seed=4 fold=2 d=8 model=shared elapsed=0.761s
complete seed=4 fold=2 d=8 model=separate elapsed=0.763s
complete seed=4 fold=2 d=8 model=random elapsed=0.675s
complete seed=4 fold=2 d=8 model=orthogonal elapsed=0.757s
complete seed=4 fold=2 d=8 model=shuffled elapsed=0.751s
complete seed=4 fold=2 d=16 model=common elapsed=0.943s
complete seed=4 fold=2 d=16 model=shared elapsed=0.940s
complete seed=4 fold=2 d=16 model=separate elapsed=0.940s
complete seed=4 fold=2 d=16 model=random elapsed=0.865s
complete seed=4 fold=2 d=16 model=orthogonal elapsed=0.952s
complete seed=4 fold=2 d=16 model=shuffled elapsed=0.926s
complete seed=4 fold=2 d=32 model=common elapsed=1.537s
complete seed=4 fold=2 d=32 model=shared elapsed=1.529s
complete seed=4 fold=2 d=32 model=separate elapsed=1.535s
complete seed=4 fold=2 d=32 model=random elapsed=1.454s
complete seed=4 fold=2 d=32 model=orthogonal elapsed=1.565s
complete seed=4 fold=2 d=32 model=shuffled elapsed=1.540s
