complete seed=13 fold=0 d=1 model=common elapsed=0.667s
complete seed=13 fold=0 d=1 model=shared elapsed=0.688s
complete seed=13 fold=0 d=1 model=separate elapsed=0.742s
complete seed=13 fold=0 d=1 model=random elapsed=0.616s
complete seed=13 fold=0 d=1 model=orthogonal elapsed=0.664s
complete seed=13 fold=0 d=1 model=shuffled elapsed=0.666s
complete seed=13 fold=0 d=2 model=common elapsed=0.706s
complete seed=13 fold=0 d=2 model=shared elapsed=0.697s
complete seed=13 fold=0 d=2 model=separate elapsed=0.689s
complete seed=13 fold=0 d=2 model=random elapsed=0.615s
complete seed=13 fold=0 d=2 model=orthogonal elapsed=0.691s
complete seed=13 fold=0 d=2 model=shuffled elapsed=0.685s
complete seed=13 fold=0 d=4 model=common elapsed=0.722s
complete seed=13 fold=0 d=4 model=shared elapsed=0.723s
complete seed=13 fold=0 d=4 model=separate elapsed=0.715s
complete seed=13 fold=0 d=4 model=random elapsed=0.640s
complete seed=13 fold=0 d=4 model=orthogonal elapsed=0.721s
complete seed=13 fold=0 d=4 model=shuffled elapsed=0.713s
complete seed=13 fold=0 d=8 model=common elapsed=0.768s
complete seed=13 fold=0 d=8 model=shared elapsed=0.767s
complete seed=13 fold=0 d=8 model=separate elapsed=0.770s
complete seed=13 fold=0 d=8 model=random elapsed=0.676s
complete seed=13 fold=0 d=8 model=orthogonal elapsed=0.774s
complete seed=13 fold=0 d=8 model=shuffled elapsed=0.759s
complete seed=13 fold=0 d=16 model=common elapsed=0.940s
complete seed=13 fold=0 d=16 model=shared elapsed=0.937s
complete seed=13 fold=0 d=16 model=separate elapsed=0.946s
complete seed=13 fold=0 d=16 model=random elapsed=0.863s
complete seed=13 fold=0 d=16 model=orthogonal elapsed=0.934s
complete seed=13 fold=0 d=16 model=shuffled elapsed=0.935s
complete seed=13 fold=0 d=32 model=common elapsed=1.559s
complete seed=13 fold=0 d=32 model=shared elapsed=1.552s
complete seed=13 fold=0 d=32 model=separate elapsed=1.550s
complete seed=13 fold=0 d=32 model=random elapsed=1.460s
complete seed=13 fold=0 d=32 model=orthogonal elapsed=1.565s
complete seed=13 fold=0 d=32 model=shuffled elapsed=1.536s
complete seed=13 fold=1 d=1 model=common elapsed=0.642s
complete seed=13 fold=1 d=1 model=shared elapsed=0.636s
complete seed=13 fold=1 d=1 model=separate elapsed=0.636s
complete seed=13 fold=1 d=1 model=random elapsed=0.557s
complete seed=13 fold=1 d=1 model=orthogonal elapsed=0.637s
complete seed=13 fold=1 d=1 model=shuffled elapsed=0.636s
complete seed=13 fold=1 d=2 model=common elapsed=0.686s
complete seed=13 fold=1 d=2 model=shared elapsed=0.681s
complete seed=13 fold=1 d=2 model=separate elapsed=0.689s
complete seed=13 fold=1 d=2 model=random elapsed=0.604s
complete seed=13 fold=1 d=2 model=orthogonal elapsed=0.688s
complete seed=13 fold=1 d=2 model=shuffled elapsed=0.681s
complete seed=13 fold=1 d=4 model=common elapsed=0.713s
complete seed=13 fold=1 d=4 model=shared elapsed=0.711s
complete seed=13 fold=1 d=4 model=separate elapsed=0.710s
complete seed=13 fold=1 d=4 model=random elapsed=0.632s
complete seed=13 fold=1 d=4 model=orthogonal elapsed=0.713s
complete seed=13 fold=1 d=4 model=shuffled elapsed=0.708s
complete seed=13 fold=1 d=8 model=common elapsed=0.763s
complete seed=13 fold=1 d=8 model=shared elapsed=0.757s
complete seed=13 fold=1 d=8 model=separate elapsed=0.758s
complete seed=13 fold=1 d=8 model=random elapsed=0.678s
complete seed=13 fold=1 d=8 model=orthogonal elapsed=0.785s
complete seed=13 fold=1 d=8 model=shuffled elapsed=0.774s
complete seed=13 fold=1 d=16 model=common elapsed=0.951s
complete seed=13 fold=1 d=16 model=shared elapsed=0.938s
complete seed=13 fold=1 d=16 model=separate elapsed=0.943s
complete seed=13 fold=1 d=16 model=random elapsed=0.854s
complete seed=13 fold=1 d=16 model=orthogonal elapsed=0.940s
complete seed=13 fold=1 d=16 model=shuffled elapsed=0.937s
complete seed=13 fold=1 d=32 model=common elapsed=1.553s
complete seed=13 fold=1 d=32 model=shared elapsed=1.536s
complete seed=13 fold=1 d=32 model=separate elapsed=1.544s
complete seed=13 fold=1 d=32 model=random elapsed=1.468s
complete seed=13 fold=1 d=32 model=orthogonal elapsed=1.567s
complete seed=13 fold=1 d=32 model=shuffled elapsed=1.537s
complete seed=13 fold=2 d=1 model=common elapsed=0.638s
complete seed=13 fold=2 d=1 model=shared elapsed=0.638s
complete seed=13 fold=2 d=1 model=separate elapsed=0.641s
complete seed=13 fold=2 d=1 model=random elapsed=0.558s
complete seed=13 fold=2 d=1 model=orthogonal elapsed=0.636s
complete seed=13 fold=2 d=1 model=shuffled elapsed=0.641s
complete seed=13 fold=2 d=2 model=common elapsed=0.690s
complete seed=13 fold=2 d=2 model=shared elapsed=0.681s
complete seed=13 fold=2 d=2 model=separate elapsed=0.686s
complete seed=13 fold=2 d=2 model=random elapsed=0.601s
complete seed=13 fold=2 d=2 model=orthogonal elapsed=0.683s
complete seed=13 fold=2 d=2 model=shuffled elapsed=0.679s
complete seed=13 fold=2 d=4 model=common elapsed=0.717s
complete seed=13 fold=2 d=4 model=shared elapsed=0.715s
complete seed=13 fold=2 d=4 model=separate elapsed=0.715s
complete seed=13 fold=2 d=4 model=random elapsed=0.634s
complete seed=13 fold=2 d=4 model=orthogonal elapsed=0.717s
complete seed=13 fold=2 d=4 model=shuffled elapsed=0.711s
complete seed=13 fold=2 d=8 model=common elapsed=0.756s
complete seed=13 fold=2 d=8 model=shared elapsed=0.756s
complete seed=13 fold=2 d=8 model=separate elapsed=0.762s
complete seed=13 fold=2 d=8 model=random elapsed=0.677s
complete seed=13 fold=2 d=8 model=orthogonal elapsed=0.760s
complete seed=13 fold=2 d=8 model=shuffled elapsed=0.755s
complete seed=13 fold=2 d=16 model=common elapsed=0.949s
complete seed=13 fold=2 d=16 model=shared elapsed=0.939s
complete seed=13 fold=2 d=16 model=separate elapsed=0.945s
complete seed=13 fold=2 d=16 model=random elapsed=0.853s
complete seed=13 fold=2 d=16 model=orthogonal elapsed=0.955s
complete seed=13 fold=2 d=16 model=shuffled elapsed=0.938s
complete seed=13 fold=2 d=32 model=common elapsed=1.515s
complete seed=13 fold=2 d=32 model=shared elapsed=1.532s
complete seed=13 fold=2 d=32 model=separate elapsed=1.558s
complete seed=13 fold=2 d=32 model=random elapsed=1.462s
complete seed=13 fold=2 d=32 model=orthogonal elapsed=1.553s
complete seed=13 fold=2 d=32 model=shuffled elapsed=1.538s
