complete seed=0 fold=0 d=2 model=common elapsed=0.836s
complete seed=0 fold=0 d=2 model=shared elapsed=0.826s
complete seed=0 fold=0 d=2 model=separate elapsed=0.824s
complete seed=0 fold=0 d=2 model=random elapsed=0.814s
complete seed=0 fold=0 d=2 model=orthogonal elapsed=0.823s
complete seed=0 fold=0 d=2 model=shuffled elapsed=0.812s
complete seed=0 fold=0 d=4 model=common elapsed=0.858s
complete seed=0 fold=0 d=4 model=shared elapsed=0.855s
complete seed=0 fold=0 d=4 model=separate elapsed=0.858s
complete seed=0 fold=0 d=4 model=random elapsed=0.846s
complete seed=0 fold=0 d=4 model=orthogonal elapsed=0.877s
complete seed=0 fold=0 d=4 model=shuffled elapsed=0.846s
complete seed=0 fold=1 d=2 model=common elapsed=0.817s
complete seed=0 fold=1 d=2 model=shared elapsed=0.816s
complete seed=0 fold=1 d=2 model=separate elapsed=0.816s
complete seed=0 fold=1 d=2 model=random elapsed=0.811s
complete seed=0 fold=1 d=2 model=orthogonal elapsed=0.819s
complete seed=0 fold=1 d=2 model=shuffled elapsed=0.810s
complete seed=0 fold=1 d=4 model=common elapsed=0.867s
complete seed=0 fold=1 d=4 model=shared elapsed=0.855s
complete seed=0 fold=1 d=4 model=separate elapsed=0.854s
complete seed=0 fold=1 d=4 model=random elapsed=0.841s
complete seed=0 fold=1 d=4 model=orthogonal elapsed=0.850s
complete seed=0 fold=1 d=4 model=shuffled elapsed=0.851s
