complete seed=14 fold=0 d=1 model=common elapsed=0.705s
complete seed=14 fold=0 d=1 model=shared elapsed=0.669s
complete seed=14 fold=0 d=1 model=separate elapsed=0.651s
complete seed=14 fold=0 d=1 model=random elapsed=0.575s
complete seed=14 fold=0 d=1 model=orthogonal elapsed=0.665s
complete seed=14 fold=0 d=1 model=shuffled elapsed=0.664s
complete seed=14 fold=0 d=2 model=common elapsed=0.712s
complete seed=14 fold=0 d=2 model=shared elapsed=0.727s
complete seed=14 fold=0 d=2 model=separate elapsed=0.712s
complete seed=14 fold=0 d=2 model=random elapsed=0.615s
complete seed=14 fold=0 d=2 model=orthogonal elapsed=0.721s
complete seed=14 fold=0 d=2 model=shuffled elapsed=0.706s
complete seed=14 fold=0 d=4 model=common elapsed=0.735s
complete seed=14 fold=0 d=4 model=shared elapsed=0.740s
complete seed=14 fold=0 d=4 model=separate elapsed=0.729s
complete seed=14 fold=0 d=4 model=random elapsed=0.648s
complete seed=14 fold=0 d=4 model=orthogonal elapsed=0.732s
complete seed=14 fold=0 d=4 model=shuffled elapsed=0.722s
complete seed=14 fold=0 d=8 model=common elapsed=0.775s
complete seed=14 fold=0 d=8 model=shared elapsed=0.776s
complete seed=14 fold=0 d=8 model=separate elapsed=0.768s
complete seed=14 fold=0 d=8 model=random elapsed=0.685s
complete seed=14 fold=0 d=8 model=orthogonal elapsed=0.786s
complete seed=14 fold=0 d=8 model=shuffled elapsed=0.773s
complete seed=14 fold=0 d=16 model=common elapsed=0.946s
complete seed=14 fold=0 d=16 model=shared elapsed=0.947s
complete seed=14 fold=0 d=16 model=separate elapsed=0.942s
complete seed=14 fold=0 d=16 model=random elapsed=0.854s
complete seed=14 fold=0 d=16 model=orthogonal elapsed=0.943s
complete seed=14 fold=0 d=16 model=shuffled elapsed=0.937s
complete seed=14 fold=0 d=32 model=common elapsed=1.536s
complete seed=14 fold=0 d=32 model=shared elapsed=1.535s
complete seed=14 fold=0 d=32 model=separate elapsed=1.550s
complete seed=14 fold=0 d=32 model=random elapsed=1.452s
complete seed=14 fold=0 d=32 model=orthogonal elapsed=1.546s
complete seed=14 fold=0 d=32 model=shuffled elapsed=1.524s
complete seed=14 fold=1 d=1 model=common elapsed=0.643s
complete seed=14 fold=1 d=1 model=shared elapsed=0.647s
complete seed=14 fold=1 d=1 model=separate elapsed=0.642s
complete seed=14 fold=1 d=1 model=random elapsed=0.559s
complete seed=14 fold=1 d=1 model=orthogonal elapsed=0.642s
complete seed=14 fold=1 d=1 model=shuffled elapsed=0.641s
complete seed=14 fold=1 d=2 model=common elapsed=0.685s
complete seed=14 fold=1 d=2 model=shared elapsed=0.685s
complete seed=14 fold=1 d=2 model=separate elapsed=0.684s
complete seed=14 fold=1 d=2 model=random elapsed=0.597s
complete seed=14 fold=1 d=2 model=orthogonal elapsed=0.684s
complete seed=14 fold=1 d=2 model=shuffled elapsed=0.686s
complete seed=14 fold=1 d=4 model=common elapsed=0.714s
complete seed=14 fold=1 d=4 model=shared elapsed=0.723s
complete seed=14 fold=1 d=4 model=separate elapsed=0.718s
complete seed=14 fold=1 d=4 model=random elapsed=0.631s
complete seed=14 fold=1 d=4 model=orthogonal elapsed=0.716s
complete seed=14 fold=1 d=4 model=shuffled elapsed=0.711s
complete seed=14 fold=1 d=8 model=common elapsed=0.758s
complete seed=14 fold=1 d=8 model=shared elapsed=0.760s
complete seed=14 fold=1 d=8 model=separate elapsed=0.756s
complete seed=14 fold=1 d=8 model=random elapsed=0.675s
complete seed=14 fold=1 d=8 model=orthogonal elapsed=0.760s
complete seed=14 fold=1 d=8 model=shuffled elapsed=0.765s
complete seed=14 fold=1 d=16 model=common elapsed=0.935s
complete seed=14 fold=1 d=16 model=shared elapsed=0.932s
complete seed=14 fold=1 d=16 model=separate elapsed=0.944s
complete seed=14 fold=1 d=16 model=random elapsed=0.852s
complete seed=14 fold=1 d=16 model=orthogonal elapsed=0.934s
complete seed=14 fold=1 d=16 model=shuffled elapsed=0.921s
complete seed=14 fold=1 d=32 model=common elapsed=1.538s
complete seed=14 fold=1 d=32 model=shared elapsed=1.537s
complete seed=14 fold=1 d=32 model=separate elapsed=1.530s
complete seed=14 fold=1 d=32 model=random elapsed=1.447s
complete seed=14 fold=1 d=32 model=orthogonal elapsed=1.555s
complete seed=14 fold=1 d=32 model=shuffled elapsed=1.519s
complete seed=14 fold=2 d=1 model=common elapsed=0.644s
complete seed=14 fold=2 d=1 model=shared elapsed=0.641s
complete seed=14 fold=2 d=1 model=separate elapsed=0.641s
complete seed=14 fold=2 d=1 model=random elapsed=0.561s
complete seed=14 fold=2 d=1 model=orthogonal elapsed=0.643s
complete seed=14 fold=2 d=1 model=shuffled elapsed=0.643s
complete seed=14 fold=2 d=2 model=common elapsed=0.686s
complete seed=14 fold=2 d=2 model=shared elapsed=0.686s
complete seed=14 fold=2 d=2 model=separate elapsed=0.684s
complete seed=14 fold=2 d=2 model=random elapsed=0.603s
complete seed=14 fold=2 d=2 model=orthogonal elapsed=0.685s
complete seed=14 fold=2 d=2 model=shuffled elapsed=0.679s
complete seed=14 fold=2 d=4 model=common elapsed=0.709s
complete seed=14 fold=2 d=4 model=shared elapsed=0.707s
complete seed=14 fold=2 d=4 model=separate elapsed=0.705s
complete seed=14 fold=2 d=4 model=random elapsed=0.625s
complete seed=14 fold=2 d=4 model=orthogonal elapsed=0.705s
complete seed=14 fold=2 d=4 model=shuffled elapsed=0.704s
complete seed=14 fold=2 d=8 model=common elapsed=0.754s
complete seed=14 fold=2 d=8 model=shared elapsed=0.749s
complete seed=14 fold=2 d=8 model=separate elapsed=0.755s
complete seed=14 fold=2 d=8 model=random elapsed=0.675s
complete seed=14 fold=2 d=8 model=orthogonal elapsed=0.753s
complete seed=14 fold=2 d=8 model=shuffled elapsed=0.746s
complete seed=14 fold=2 d=16 model=common elapsed=0.920s
complete seed=14 fold=2 d=16 model=shared elapsed=0.921s
complete seed=14 fold=2 d=16 model=separate elapsed=0.934s
complete seed=14 fold=2 d=16 model=random elapsed=0.838s
complete seed=14 fold=2 d=16 model=orthogonal elapsed=0.933s
complete seed=14 fold=2 d=16 model=shuffled elapsed=0.916s
complete seed=14 fold=2 d=32 model=common elapsed=1.505s
complete seed=14 fold=2 d=32 model=shared elapsed=1.537s
complete seed=14 fold=2 d=32 model=separate elapsed=1.536s
complete seed=14 fold=2 d=32 model=random elapsed=1.450s
complete seed=14 fold=2 d=32 model=orthogonal elapsed=1.544s
complete seed=14 fold=2 d=32 model=shuffled elapsed=1.540s
