complete seed=5 fold=0 d=1 model=common elapsed=0.694s
complete seed=5 fold=0 d=1 model=shared elapsed=0.665s
complete seed=5 fold=0 d=1 model=separate elapsed=0.650s
complete seed=5 fold=0 d=1 model=random elapsed=0.571s
complete seed=5 fold=0 d=1 model=orthogonal elapsed=0.669s
complete seed=5 fold=0 d=1 model=shuffled elapsed=0.662s
complete seed=5 fold=0 d=2 model=common elapsed=0.705s
complete seed=5 fold=0 d=2 model=shared elapsed=0.710s
complete seed=5 fold=0 d=2 model=separate elapsed=0.697s
complete seed=5 fold=0 d=2 model=random elapsed=0.605s
complete seed=5 fold=0 d=2 model=orthogonal elapsed=0.700s
complete seed=5 fold=0 d=2 model=shuffled elapsed=0.701s
complete seed=5 fold=0 d=4 model=common elapsed=0.724s
complete seed=5 fold=0 d=4 model=shared elapsed=0.720s
complete seed=5 fold=0 d=4 model=separate elapsed=0.718s
complete seed=5 fold=0 d=4 model=random elapsed=0.638s
complete seed=5 fold=0 d=4 model=orthogonal elapsed=0.722s
complete seed=5 fold=0 d=4 model=shuffled elapsed=0.713s
complete seed=5 fold=0 d=8 model=common elapsed=0.767s
complete seed=5 fold=0 d=8 model=shared elapsed=0.760s
complete seed=5 fold=0 d=8 model=separate elapsed=0.759s
complete seed=5 fold=0 d=8 model=random elapsed=0.675s
complete seed=5 fold=0 d=8 model=orthogonal elapsed=0.758s
complete seed=5 fold=0 d=8 model=shuffled elapsed=0.751s
complete seed=5 fold=0 d=16 model=common elapsed=0.933s
complete seed=5 fold=0 d=16 model=shared elapsed=0.929s
complete seed=5 fold=0 d=16 model=separate elapsed=0.926s
complete seed=5 fold=0 d=16 model=random elapsed=0.844s
complete seed=5 fold=0 d=16 model=orthogonal elapsed=0.937s
complete seed=5 fold=0 d=16 model=shuffled elapsed=0.917s
complete seed=5 fold=0 d=32 model=common elapsed=1.527s
complete seed=5 fold=0 d=32 model=shared elapsed=1.535s
complete seed=5 fold=0 d=32 model=separate elapsed=1.554s
complete seed=5 fold=0 d=32 model=random elapsed=1.451s
complete seed=5 fold=0 d=32 model=orthogonal elapsed=1.538s
complete seed=5 fold=0 d=32 model=shuffled elapsed=1.511s
complete seed=5 fold=1 d=1 model=common elapsed=0.648s
complete seed=5 fold=1 d=1 model=shared elapsed=0.641s
complete seed=5 fold=1 d=1 model=separate elapsed=0.641s
complete seed=5 fold=1 d=1 model=random elapsed=0.562s
complete seed=5 fold=1 d=1 model=orthogonal elapsed=0.643s
complete seed=5 fold=1 d=1 model=shuffled elapsed=0.643s
complete seed=5 fold=1 d=2 model=common elapsed=0.687s
complete seed=5 fold=1 d=2 model=shared elapsed=0.688s
complete seed=5 fold=1 d=2 model=separate elapsed=0.683s
complete seed=5 fold=1 d=2 model=random elapsed=0.600s
complete seed=5 fold=1 d=2 model=orthogonal elapsed=0.685s
complete seed=5 fold=1 d=2 model=shuffled elapsed=0.677s
complete seed=5 fold=1 d=4 model=common elapsed=0.715s
complete seed=5 fold=1 d=4 model=shared elapsed=0.713s
complete seed=5 fold=1 d=4 model=separate elapsed=0.711s
complete seed=5 fold=1 d=4 model=random elapsed=0.626s
complete seed=5 fold=1 d=4 model=orthogonal elapsed=0.711s
complete seed=5 fold=1 d=4 model=shuffled elapsed=0.706s
complete seed=5 fold=1 d=8 model=common elapsed=0.754s
complete seed=5 fold=1 d=8 model=shared elapsed=0.755s
complete seed=5 fold=1 d=8 model=separate elapsed=0.754s
complete seed=5 fold=1 d=8 model=random elapsed=0.673s
complete seed=5 fold=1 d=8 model=orthogonal elapsed=0.756s
complete seed=5 fold=1 d=8 model=shuffled elapsed=0.749s
complete seed=5 fold=1 d=16 model=common elapsed=0.935s
complete seed=5 fold=1 d=16 model=shared elapsed=0.933s
complete seed=5 fold=1 d=16 model=separate elapsed=0.934s
complete seed=5 fold=1 d=16 model=random elapsed=0.849s
complete seed=5 fold=1 d=16 model=orthogonal elapsed=0.931s
complete seed=5 fold=1 d=16 model=shuffled elapsed=0.918s
complete seed=5 fold=1 d=32 model=common elapsed=1.525s
complete seed=5 fold=1 d=32 model=shared elapsed=1.547s
complete seed=5 fold=1 d=32 model=separate elapsed=1.540s
complete seed=5 fold=1 d=32 model=random elapsed=1.452s
complete seed=5 fold=1 d=32 model=orthogonal elapsed=1.559s
complete seed=5 fold=1 d=32 model=shuffled elapsed=1.528s
complete seed=5 fold=2 d=1 model=common elapsed=0.639s
complete seed=5 fold=2 d=1 model=shared elapsed=0.649s
complete seed=5 fold=2 d=1 model=separate elapsed=0.643s
complete seed=5 fold=2 d=1 model=random elapsed=0.557s
complete seed=5 fold=2 d=1 model=orthogonal elapsed=0.640s
complete seed=5 fold=2 d=1 model=shuffled elapsed=0.639s
complete seed=5 fold=2 d=2 model=common elapsed=0.685s
complete seed=5 fold=2 d=2 model=shared elapsed=0.685s
complete seed=5 fold=2 d=2 model=separate elapsed=0.684s
complete seed=5 fold=2 d=2 model=random elapsed=0.601s
complete seed=5 fold=2 d=2 model=orthogonal elapsed=0.685s
complete seed=5 fold=2 d=2 model=shuffled elapsed=0.682s
complete seed=5 fold=2 d=4 model=common elapsed=0.714s
complete seed=5 fold=2 d=4 model=shared elapsed=0.716s
complete seed=5 fold=2 d=4 model=separate elapsed=0.715s
complete seed=5 fold=2 d=4 model=random elapsed=0.631s
complete seed=5 fold=2 d=4 model=orthogonal elapsed=0.716s
complete seed=5 fold=2 d=4 model=shuffled elapsed=0.709s
complete seed=5 fold=2 d=8 model=common elapsed=0.759s
complete seed=5 fold=2 d=8 model=shared elapsed=0.758s
complete seed=5 fold=2 d=8 model=separate elapsed=0.760s
complete seed=5 fold=2 d=8 model=random elapsed=0.673s
complete seed=5 fold=2 d=8 model=orthogonal elapsed=0.755s
complete seed=5 fold=2 d=8 model=shuffled elapsed=0.750s
complete seed=5 fold=2 d=16 model=common elapsed=0.924s
complete seed=5 fold=2 d=16 model=shared elapsed=0.929s
complete seed=5 fold=2 d=16 model=separate elapsed=0.925s
complete seed=5 fold=2 d=16 model=random elapsed=0.850s
complete seed=5 fold=2 d=16 model=orthogonal elapsed=0.929s
complete seed=5 fold=2 d=16 model=shuffled elapsed=0.923s
complete seed=5 fold=2 d=32 model=common elapsed=1.547s
complete seed=5 fold=2 d=32 model=shared elapsed=1.525s
complete seed=5 fold=2 d=32 model=separate elapsed=1.528s
complete seed=5 fold=2 d=32 model=random elapsed=1.444s
complete seed=5 fold=2 d=32 model=orthogonal elapsed=1.541s
complete seed=5 fold=2 d=32 model=shuffled elapsed=1.516s
