complete seed=1 fold=0 d=1 model=common elapsed=0.699s
complete seed=1 fold=0 d=1 model=shared elapsed=0.666s
complete seed=1 fold=0 d=1 model=separate elapsed=0.650s
complete seed=1 fold=0 d=1 model=random elapsed=0.560s
complete seed=1 fold=0 d=1 model=orthogonal elapsed=0.657s
complete seed=1 fold=0 d=1 model=shuffled elapsed=0.662s
complete seed=1 fold=0 d=2 model=common elapsed=0.701s
complete seed=1 fold=0 d=2 model=shared elapsed=0.703s
complete seed=1 fold=0 d=2 model=separate elapsed=0.692s
complete seed=1 fold=0 d=2 model=random elapsed=0.600s
complete seed=1 fold=0 d=2 model=orthogonal elapsed=0.691s
complete seed=1 fold=0 d=2 model=shuffled elapsed=0.691s
complete seed=1 fold=0 d=4 model=common elapsed=0.721s
complete seed=1 fold=0 d=4 model=shared elapsed=0.728s
complete seed=1 fold=0 d=4 model=separate elapsed=0.721s
complete seed=1 fold=0 d=4 model=random elapsed=0.653s
complete seed=1 fold=0 d=4 model=orthogonal elapsed=0.744s
complete seed=1 fold=0 d=4 model=shuffled elapsed=0.734s
complete seed=1 fold=0 d=8 model=common elapsed=0.767s
complete seed=1 fold=0 d=8 model=shared elapsed=0.773s
complete seed=1 fold=0 d=8 model=separate elapsed=0.761s
complete seed=1 fold=0 d=8 model=random elapsed=0.688s
complete seed=1 fold=0 d=8 model=orthogonal elapsed=0.767s
complete seed=1 fold=0 d=8 model=shuffled elapsed=0.754s
complete seed=1 fold=0 d=16 model=common elapsed=0.936s
complete seed=1 fold=0 d=16 model=shared elapsed=0.941s
complete seed=1 fold=0 d=16 model=separate elapsed=0.948s
complete seed=1 fold=0 d=16 model=random elapsed=0.847s
complete seed=1 fold=0 d=16 model=orthogonal elapsed=0.966s
complete seed=1 fold=0 d=16 model=shuffled elapsed=0.923s
complete seed=1 fold=0 d=32 model=common elapsed=1.548s
complete seed=1 fold=0 d=32 model=shared elapsed=1.554s
complete seed=1 fold=0 d=32 model=separate elapsed=1.543s
complete seed=1 fold=0 d=32 model=random elapsed=1.449s
complete seed=1 fold=0 d=32 model=orthogonal elapsed=1.544s
complete seed=1 fold=0 d=32 model=shuffled elapsed=1.536s
complete seed=1 fold=1 d=1 model=common elapsed=0.637s
complete seed=1 fold=1 d=1 model=shared elapsed=0.637s
complete seed=1 fold=1 d=1 model=separate elapsed=0.690s
complete seed=1 fold=1 d=1 model=random elapsed=0.553s
complete seed=1 fold=1 d=1 model=orthogonal elapsed=0.631s
complete seed=1 fold=1 d=1 model=shuffled elapsed=0.629s
complete seed=1 fold=1 d=2 model=common elapsed=0.675s
complete seed=1 fold=1 d=2 model=shared elapsed=0.678s
complete seed=1 fold=1 d=2 model=separate elapsed=0.680s
complete seed=1 fold=1 d=2 model=random elapsed=0.594s
complete seed=1 fold=1 d=2 model=orthogonal elapsed=0.679s
complete seed=1 fold=1 d=2 model=shuffled elapsed=0.673s
complete seed=1 fold=1 d=4 model=common elapsed=0.704s
complete seed=1 fold=1 d=4 model=shared elapsed=0.716s
complete seed=1 fold=1 d=4 model=separate elapsed=0.712s
complete seed=1 fold=1 d=4 model=random elapsed=0.625s
complete seed=1 fold=1 d=4 model=orthogonal elapsed=0.705s
complete seed=1 fold=1 d=4 model=shuffled elapsed=0.702s
complete seed=1 fold=1 d=8 model=common elapsed=0.758s
complete seed=1 fold=1 d=8 model=shared elapsed=0.754s
complete seed=1 fold=1 d=8 model=separate elapsed=0.758s
complete seed=1 fold=1 d=8 model=random elapsed=0.671s
complete seed=1 fold=1 d=8 model=orthogonal elapsed=0.755s
complete seed=1 fold=1 d=8 model=shuffled elapsed=0.745s
complete seed=1 fold=1 d=16 model=common elapsed=0.920s
complete seed=1 fold=1 d=16 model=shared elapsed=0.928s
complete seed=1 fold=1 d=16 model=separate elapsed=0.932s
complete seed=1 fold=1 d=16 model=random elapsed=0.844s
complete seed=1 fold=1 d=16 model=orthogonal elapsed=0.928s
complete seed=1 fold=1 d=16 model=shuffled elapsed=0.919s
complete seed=1 fold=1 d=32 model=common elapsed=1.528s
complete seed=1 fold=1 d=32 model=shared elapsed=1.529s
complete seed=1 fold=1 d=32 model=separate elapsed=1.530s
complete seed=1 fold=1 d=32 model=random elapsed=1.451s
complete seed=1 fold=1 d=32 model=orthogonal elapsed=1.551s
complete seed=1 fold=1 d=32 model=shuffled elapsed=1.519s
complete seed=1 fold=2 d=1 model=common elapsed=0.633s
complete seed=1 fold=2 d=1 model=shared elapsed=0.633s
complete seed=1 fold=2 d=1 model=separate elapsed=0.635s
complete seed=1 fold=2 d=1 model=random elapsed=0.555s
complete seed=1 fold=2 d=1 model=orthogonal elapsed=0.633s
complete seed=1 fold=2 d=1 model=shuffled elapsed=0.632s
complete seed=1 fold=2 d=2 model=common elapsed=0.679s
complete seed=1 fold=2 d=2 model=shared elapsed=0.692s
complete seed=1 fold=2 d=2 model=separate elapsed=0.678s
complete seed=1 fold=2 d=2 model=random elapsed=0.594s
complete seed=1 fold=2 d=2 model=orthogonal elapsed=0.677s
complete seed=1 fold=2 d=2 model=shuffled elapsed=0.672s
complete seed=1 fold=2 d=4 model=common elapsed=0.708s
complete seed=1 fold=2 d=4 model=shared elapsed=0.714s
complete seed=1 fold=2 d=4 model=separate elapsed=0.714s
complete seed=1 fold=2 d=4 model=random elapsed=0.628s
complete seed=1 fold=2 d=4 model=orthogonal elapsed=0.708s
complete seed=1 fold=2 d=4 model=shuffled elapsed=0.705s
complete seed=1 fold=2 d=8 model=common elapsed=0.754s
complete seed=1 fold=2 d=8 model=shared elapsed=0.755s
complete seed=1 fold=2 d=8 model=separate elapsed=0.756s
complete seed=1 fold=2 d=8 model=random elapsed=0.670s
complete seed=1 fold=2 d=8 model=orthogonal elapsed=0.752s
complete seed=1 fold=2 d=8 model=shuffled elapsed=0.750s
complete seed=1 fold=2 d=16 model=common elapsed=0.924s
complete seed=1 fold=2 d=16 model=shared elapsed=0.931s
complete seed=1 fold=2 d=16 model=separate elapsed=0.936s
complete seed=1 fold=2 d=16 model=random elapsed=0.846s
complete seed=1 fold=2 d=16 model=orthogonal elapsed=0.930s
complete seed=1 fold=2 d=16 model=shuffled elapsed=1.058s
complete seed=1 fold=2 d=32 model=common elapsed=1.539s
complete seed=1 fold=2 d=32 model=shared elapsed=1.533s
complete seed=1 fold=2 d=32 model=separate elapsed=1.530s
complete seed=1 fold=2 d=32 model=random elapsed=1.438s
complete seed=1 fold=2 d=32 model=orthogonal elapsed=1.555s
complete seed=1 fold=2 d=32 model=shuffled elapsed=1.548s
