complete seed=17 fold=0 d=1 model=common elapsed=0.698s
complete seed=17 fold=0 d=1 model=shared elapsed=0.647s
complete seed=17 fold=0 d=1 model=separate elapsed=0.641s
complete seed=17 fold=0 d=1 model=random elapsed=0.565s
complete seed=17 fold=0 d=1 model=orthogonal elapsed=0.646s
complete seed=17 fold=0 d=1 model=shuffled elapsed=0.652s
complete seed=17 fold=0 d=2 model=common elapsed=0.696s
complete seed=17 fold=0 d=2 model=shared elapsed=0.698s
complete seed=17 fold=0 d=2 model=separate elapsed=0.696s
complete seed=17 fold=0 d=2 model=random elapsed=0.611s
complete seed=17 fold=0 d=2 model=orthogonal elapsed=0.783s
complete seed=17 fold=0 d=2 model=shuffled elapsed=0.693s
complete seed=17 fold=0 d=4 model=common elapsed=0.716s
complete seed=17 fold=0 d=4 model=shared elapsed=0.725s
complete seed=17 fold=0 d=4 model=separate elapsed=0.716s
complete seed=17 fold=0 d=4 model=random elapsed=0.644s
complete seed=17 fold=0 d=4 model=orthogonal elapsed=0.717s
complete seed=17 fold=0 d=4 model=shuffled elapsed=0.715s
complete seed=17 fold=0 d=8 model=common elapsed=0.759s
complete seed=17 fold=0 d=8 model=shared elapsed=0.758s
complete seed=17 fold=0 d=8 model=separate elapsed=0.766s
complete seed=17 fold=0 d=8 model=random elapsed=0.679s
complete seed=17 fold=0 d=8 model=orthogonal elapsed=0.757s
complete seed=17 fold=0 d=8 model=shuffled elapsed=0.755s
complete seed=17 fold=0 d=16 model=common elapsed=0.932s
complete seed=17 fold=0 d=16 model=shared elapsed=0.931s
complete seed=17 fold=0 d=16 model=separate elapsed=0.943s
complete seed=17 fold=0 d=16 model=random elapsed=0.856s
complete seed=17 fold=0 d=16 model=orthogonal elapsed=0.937s
complete seed=17 fold=0 d=16 model=shuffled elapsed=0.919s
complete seed=17 fold=0 d=32 model=common elapsed=1.528s
complete seed=17 fold=0 d=32 model=shared elapsed=1.644s
complete seed=17 fold=0 d=32 model=separate elapsed=1.583s
complete seed=17 fold=0 d=32 model=random elapsed=1.483s
complete seed=17 fold=0 d=32 model=orthogonal elapsed=1.563s
complete seed=17 fold=0 d=32 model=shuffled elapsed=1.509s
complete seed=17 fold=1 d=1 model=common elapsed=0.638s
complete seed=17 fold=1 d=1 model=shared elapsed=0.648s
complete seed=17 fold=1 d=1 model=separate elapsed=0.637s
complete seed=17 fold=1 d=1 model=random elapsed=0.551s
complete seed=17 fold=1 d=1 model=orthogonal elapsed=0.640s
complete seed=17 fold=1 d=1 model=shuffled elapsed=0.630s
complete seed=17 fold=1 d=2 model=common elapsed=0.681s
complete seed=17 fold=1 d=2 model=shared elapsed=0.679s
complete seed=17 fold=1 d=2 model=separate elapsed=0.685s
complete seed=17 fold=1 d=2 model=random elapsed=0.602s
complete seed=17 fold=1 d=2 model=orthogonal elapsed=0.688s
complete seed=17 fold=1 d=2 model=shuffled elapsed=0.677s
complete seed=17 fold=1 d=4 model=common elapsed=0.708s
complete seed=17 fold=1 d=4 model=shared elapsed=0.709s
complete seed=17 fold=1 d=4 model=separate elapsed=0.710s
complete seed=17 fold=1 d=4 model=random elapsed=0.627s
complete seed=17 fold=1 d=4 model=orthogonal elapsed=0.711s
complete seed=17 fold=1 d=4 model=shuffled elapsed=0.710s
complete seed=17 fold=1 d=8 model=common elapsed=0.758s
complete seed=17 fold=1 d=8 model=shared elapsed=0.753s
complete seed=17 fold=1 d=8 model=separate elapsed=0.756s
complete seed=17 fold=1 d=8 model=random elapsed=0.669s
complete seed=17 fold=1 d=8 model=orthogonal elapsed=0.757s
complete seed=17 fold=1 d=8 model=shuffled elapsed=0.753s
complete seed=17 fold=1 d=16 model=common elapsed=0.949s
complete seed=17 fold=1 d=16 model=shared elapsed=0.939s
complete seed=17 fold=1 d=16 model=separate elapsed=0.945s
complete seed=17 fold=1 d=16 model=random elapsed=0.852s
complete seed=17 fold=1 d=16 model=orthogonal elapsed=0.935s
complete seed=17 fold=1 d=16 model=shuffled elapsed=0.917s
complete seed=17 fold=1 d=32 model=common elapsed=1.537s
complete seed=17 fold=1 d=32 model=shared elapsed=1.537s
complete seed=17 fold=1 d=32 model=separate elapsed=1.579s
complete seed=17 fold=1 d=32 model=random elapsed=1.463s
complete seed=17 fold=1 d=32 model=orthogonal elapsed=1.573s
complete seed=17 fold=1 d=32 model=shuffled elapsed=1.525s
complete seed=17 fold=2 d=1 model=common elapsed=0.635s
complete seed=17 fold=2 d=1 model=shared elapsed=0.634s
complete seed=17 fold=2 d=1 model=separate elapsed=0.635s
complete seed=17 fold=2 d=1 model=random elapsed=0.557s
complete seed=17 fold=2 d=1 model=orthogonal elapsed=0.637s
complete seed=17 fold=2 d=1 model=shuffled elapsed=0.635s
complete seed=17 fold=2 d=2 model=common elapsed=0.684s
complete seed=17 fold=2 d=2 model=shared elapsed=0.679s
complete seed=17 fold=2 d=2 model=separate elapsed=0.683s
complete seed=17 fold=2 d=2 model=random elapsed=0.595s
complete seed=17 fold=2 d=2 model=orthogonal elapsed=0.693s
complete seed=17 fold=2 d=2 model=shuffled elapsed=0.730s
complete seed=17 fold=2 d=4 model=common elapsed=0.711s
complete seed=17 fold=2 d=4 model=shared elapsed=0.713s
complete seed=17 fold=2 d=4 model=separate elapsed=0.717s
complete seed=17 fold=2 d=4 model=random elapsed=0.630s
complete seed=17 fold=2 d=4 model=orthogonal elapsed=0.709s
complete seed=17 fold=2 d=4 model=shuffled elapsed=0.705s
complete seed=17 fold=2 d=8 model=common elapsed=0.754s
complete seed=17 fold=2 d=8 model=shared elapsed=0.752s
complete seed=17 fold=2 d=8 model=separate elapsed=0.757s
complete seed=17 fold=2 d=8 model=random elapsed=0.675s
complete seed=17 fold=2 d=8 model=orthogonal elapsed=0.761s
complete seed=17 fold=2 d=8 model=shuffled elapsed=0.754s
complete seed=17 fold=2 d=16 model=common elapsed=0.939s
complete seed=17 fold=2 d=16 model=shared elapsed=0.932s
complete seed=17 fold=2 d=16 model=separate elapsed=0.934s
complete seed=17 fold=2 d=16 model=random elapsed=0.879s
complete seed=17 fold=2 d=16 model=orthogonal elapsed=1.062s
complete seed=17 fold=2 d=16 model=shuffled elapsed=0.956s
complete seed=17 fold=2 d=32 model=common elapsed=1.543s
complete seed=17 fold=2 d=32 model=shared elapsed=1.547s
complete seed=17 fold=2 d=32 model=separate elapsed=1.567s
complete seed=17 fold=2 d=32 model=random elapsed=1.454s
complete seed=17 fold=2 d=32 model=orthogonal elapsed=1.550s
complete seed=17 fold=2 d=32 model=shuffled elapsed=1.532s
