complete seed=9 fold=0 d=1 model=common elapsed=0.686s
complete seed=9 fold=0 d=1 model=shared elapsed=0.682s
complete seed=9 fold=0 d=1 model=separate elapsed=0.662s
complete seed=9 fold=0 d=1 model=random elapsed=0.567s
complete seed=9 fold=0 d=1 model=orthogonal elapsed=0.680s
complete seed=9 fold=0 d=1 model=shuffled elapsed=0.663s
complete seed=9 fold=0 d=2 model=common elapsed=0.710s
complete seed=9 fold=0 d=2 model=shared elapsed=0.713s
complete seed=9 fold=0 d=2 model=separate elapsed=0.705s
complete seed=9 fold=0 d=2 model=random elapsed=0.606s
complete seed=9 fold=0 d=2 model=orthogonal elapsed=0.703s
complete seed=9 fold=0 d=2 model=shuffled elapsed=0.690s
complete seed=9 fold=0 d=4 model=common elapsed=0.730s
complete seed=9 fold=0 d=4 model=shared elapsed=0.731s
complete seed=9 fold=0 d=4 model=separate elapsed=0.719s
complete seed=9 fold=0 d=4 model=random elapsed=0.625s
complete seed=9 fold=0 d=4 model=orthogonal elapsed=0.726s
complete seed=9 fold=0 d=4 model=shuffled elapsed=0.713s
complete seed=9 fold=0 d=8 model=common elapsed=0.760s
complete seed=9 fold=0 d=8 model=shared elapsed=0.764s
complete seed=9 fold=0 d=8 model=separate elapsed=0.764s
complete seed=9 fold=0 d=8 model=random elapsed=0.672s
complete seed=9 fold=0 d=8 model=orthogonal elapsed=0.760s
complete seed=9 fold=0 d=8 model=shuffled elapsed=0.760s
complete seed=9 fold=0 d=16 model=common elapsed=0.934s
complete seed=9 fold=0 d=16 model=shared elapsed=0.929s
complete seed=9 fold=0 d=16 model=separate elapsed=0.930s
complete seed=9 fold=0 d=16 model=random elapsed=0.849s
complete seed=9 fold=0 d=16 model=orthogonal elapsed=0.933s
complete seed=9 fold=0 d=16 model=shuffled elapsed=0.914s
complete seed=9 fold=0 d=32 model=common elapsed=1.523s
complete seed=9 fold=0 d=32 model=shared elapsed=1.519s
complete seed=9 fold=0 d=32 model=separate elapsed=1.539s
complete seed=9 fold=0 d=32 model=random elapsed=1.442s
complete seed=9 fold=0 d=32 model=orthogonal elapsed=1.532s
complete seed=9 fold=0 d=32 model=shuffled elapsed=1.527s
complete seed=9 fold=1 d=1 model=common elapsed=0.635s
complete seed=9 fold=1 d=1 model=shared elapsed=0.636s
complete seed=9 fold=1 d=1 model=separate elapsed=0.635s
complete seed=9 fold=1 d=1 model=random elapsed=0.562s
complete seed=9 fold=1 d=1 model=orthogonal elapsed=0.638s
complete seed=9 fold=1 d=1 model=shuffled elapsed=0.635s
complete seed=9 fold=1 d=2 model=common elapsed=0.686s
complete seed=9 fold=1 d=2 model=shared elapsed=0.675s
complete seed=9 fold=1 d=2 model=separate elapsed=0.675s
complete seed=9 fold=1 d=2 model=random elapsed=0.591s
complete seed=9 fold=1 d=2 model=orthogonal elapsed=0.673s
complete seed=9 fold=1 d=2 model=shuffled elapsed=0.670s
complete seed=9 fold=1 d=4 model=common elapsed=0.707s
complete seed=9 fold=1 d=4 model=shared elapsed=0.704s
complete seed=9 fold=1 d=4 model=separate elapsed=0.707s
complete seed=9 fold=1 d=4 model=random elapsed=0.632s
complete seed=9 fold=1 d=4 model=orthogonal elapsed=0.720s
complete seed=9 fold=1 d=4 model=shuffled elapsed=0.701s
complete seed=9 fold=1 d=8 model=common elapsed=0.754s
complete seed=9 fold=1 d=8 model=shared elapsed=0.756s
complete seed=9 fold=1 d=8 model=separate elapsed=0.756s
complete seed=9 fold=1 d=8 model=random elapsed=0.673s
complete seed=9 fold=1 d=8 model=orthogonal elapsed=0.758s
complete seed=9 fold=1 d=8 model=shuffled elapsed=0.748s
complete seed=9 fold=1 d=16 model=common elapsed=0.933s
complete seed=9 fold=1 d=16 model=shared elapsed=0.923s
complete seed=9 fold=1 d=16 model=separate elapsed=0.937s
complete seed=9 fold=1 d=16 model=random elapsed=0.845s
complete seed=9 fold=1 d=16 model=orthogonal elapsed=0.938s
complete seed=9 fold=1 d=16 model=shuffled elapsed=0.926s
complete seed=9 fold=1 d=32 model=common elapsed=1.528s
complete seed=9 fold=1 d=32 model=shared elapsed=1.533s
complete seed=9 fold=1 d=32 model=separate elapsed=1.534s
complete seed=9 fold=1 d=32 model=random elapsed=1.441s
complete seed=9 fold=1 d=32 model=orthogonal elapsed=1.547s
complete seed=9 fold=1 d=32 model=shuffled elapsed=1.502s
complete seed=9 fold=2 d=1 model=common elapsed=0.632s
complete seed=9 fold=2 d=1 model=shared elapsed=0.645s
complete seed=9 fold=2 d=1 model=separate elapsed=0.654s
complete seed=9 fold=2 d=1 model=random elapsed=0.564s
complete seed=9 fold=2 d=1 model=orthogonal elapsed=0.638s
complete seed=9 fold=2 d=1 model=shuffled elapsed=0.639s
complete seed=9 fold=2 d=2 model=common elapsed=0.685s
complete seed=9 fold=2 d=2 model=shared elapsed=0.686s
complete seed=9 fold=2 d=2 model=separate elapsed=0.687s
complete seed=9 fold=2 d=2 model=random elapsed=0.606s
complete seed=9 fold=2 d=2 model=orthogonal elapsed=0.684s
complete seed=9 fold=2 d=2 model=shuffled elapsed=0.679s
complete seed=9 fold=2 d=4 model=common elapsed=0.714s
complete seed=9 fold=2 d=4 model=shared elapsed=0.713s
complete seed=9 fold=2 d=4 model=separate elapsed=0.709s
complete seed=9 fold=2 d=4 model=random elapsed=0.628s
complete seed=9 fold=2 d=4 model=orthogonal elapsed=0.704s
complete seed=9 fold=2 d=4 model=shuffled elapsed=0.703s
complete seed=9 fold=2 d=8 model=common elapsed=0.756s
complete seed=9 fold=2 d=8 model=shared elapsed=0.764s
complete seed=9 fold=2 d=8 model=separate elapsed=0.761s
complete seed=9 fold=2 d=8 model=random elapsed=0.678s
complete seed=9 fold=2 d=8 model=orthogonal elapsed=0.753s
complete seed=9 fold=2 d=8 model=shuffled elapsed=0.748s
complete seed=9 fold=2 d=16 model=common elapsed=0.928s
complete seed=9 fold=2 d=16 model=shared elapsed=0.932s
complete seed=9 fold=2 d=16 model=separate elapsed=0.928s
complete seed=9 fold=2 d=16 model=random elapsed=0.848s
complete seed=9 fold=2 d=16 model=orthogonal elapsed=0.936s
complete seed=9 fold=2 d=16 model=shuffled elapsed=0.918s
complete seed=9 fold=2 d=32 model=common elapsed=1.529s
complete seed=9 fold=2 d=32 model=shared elapsed=1.531s
complete seed=9 fold=2 d=32 model=separate elapsed=1.531s
complete seed=9 fold=2 d=32 model=random elapsed=1.447s
complete seed=9 fold=2 d=32 model=orthogonal elapsed=1.537s
complete seed=9 fold=2 d=32 model=shuffled elapsed=1.508s
