complete seed=8 fold=0 d=1 model=common elapsed=0.680s
complete seed=8 fold=0 d=1 model=shared elapsed=0.646s
complete seed=8 fold=0 d=1 model=separate elapsed=0.639s
complete seed=8 fold=0 d=1 model=random elapsed=0.569s
complete seed=8 fold=0 d=1 model=orthogonal elapsed=0.655s
complete seed=8 fold=0 d=1 model=shuffled elapsed=0.649s
complete seed=8 fold=0 d=2 model=common elapsed=0.701s
complete seed=8 fold=0 d=2 model=shared elapsed=0.690s
complete seed=8 fold=0 d=2 model=separate elapsed=0.686s
complete seed=8 fold=0 d=2 model=random elapsed=0.613s
complete seed=8 fold=0 d=2 model=orthogonal elapsed=0.696s
complete seed=8 fold=0 d=2 model=shuffled elapsed=0.705s
complete seed=8 fold=0 d=4 model=common elapsed=0.731s
complete seed=8 fold=0 d=4 model=shared elapsed=0.726s
complete seed=8 fold=0 d=4 model=separate elapsed=0.720s
complete seed=8 fold=0 d=4 model=random elapsed=0.644s
complete seed=8 fold=0 d=4 model=orthogonal elapsed=0.732s
complete seed=8 fold=0 d=4 model=shuffled elapsed=0.724s
complete seed=8 fold=0 d=8 model=common elapsed=0.781s
complete seed=8 fold=0 d=8 model=shared elapsed=0.774s
complete seed=8 fold=0 d=8 model=separate elapsed=0.769s
complete seed=8 fold=0 d=8 model=random elapsed=0.689s
complete seed=8 fold=0 d=8 model=orthogonal elapsed=0.780s
complete seed=8 fold=0 d=8 model=shuffled elapsed=0.772s
complete seed=8 fold=0 d=16 model=common elapsed=0.951s
complete seed=8 fold=0 d=16 model=shared elapsed=0.948s
complete seed=8 fold=0 d=16 model=separate elapsed=0.949s
complete seed=8 fold=0 d=16 model=random elapsed=0.860s
complete seed=8 fold=0 d=16 model=orthogonal elapsed=0.965s
complete seed=8 fold=0 d=16 model=shuffled elapsed=0.940s
complete seed=8 fold=0 d=32 model=common elapsed=1.536s
complete seed=8 fold=0 d=32 model=shared elapsed=1.546s
complete seed=8 fold=0 d=32 model=separate elapsed=1.545s
complete seed=8 fold=0 d=32 model=random elapsed=1.462s
complete seed=8 fold=0 d=32 model=orthogonal elapsed=1.564s
complete seed=8 fold=0 d=32 model=shuffled elapsed=1.536s
complete seed=8 fold=1 d=1 model=common elapsed=0.647s
complete seed=8 fold=1 d=1 model=shared elapsed=0.642s
complete seed=8 fold=1 d=1 model=separate elapsed=0.643s
complete seed=8 fold=1 d=1 model=random elapsed=0.559s
complete seed=8 fold=1 d=1 model=orthogonal elapsed=0.647s
complete seed=8 fold=1 d=1 model=shuffled elapsed=0.644s
complete seed=8 fold=1 d=2 model=common elapsed=0.688s
complete seed=8 fold=1 d=2 model=shared elapsed=0.688s
complete seed=8 fold=1 d=2 model=separate elapsed=0.686s
complete seed=8 fold=1 d=2 model=random elapsed=0.602s
complete seed=8 fold=1 d=2 model=orthogonal elapsed=0.692s
complete seed=8 fold=1 d=2 model=shuffled elapsed=0.688s
complete seed=8 fold=1 d=4 model=common elapsed=0.719s
complete seed=8 fold=1 d=4 model=shared elapsed=0.720s
complete seed=8 fold=1 d=4 model=separate elapsed=0.720s
complete seed=8 fold=1 d=4 model=random elapsed=0.635s
complete seed=8 fold=1 d=4 model=orthogonal elapsed=0.733s
complete seed=8 fold=1 d=4 model=shuffled elapsed=0.718s
complete seed=8 fold=1 d=8 model=common elapsed=0.769s
complete seed=8 fold=1 d=8 model=shared elapsed=0.763s
complete seed=8 fold=1 d=8 model=separate elapsed=0.768s
complete seed=8 fold=1 d=8 model=random elapsed=0.680s
complete seed=8 fold=1 d=8 model=orthogonal elapsed=0.762s
complete seed=8 fold=1 d=8 model=shuffled elapsed=0.768s
complete seed=8 fold=1 d=16 model=common elapsed=0.939s
complete seed=8 fold=1 d=16 model=shared elapsed=0.935s
complete seed=8 fold=1 d=16 model=separate elapsed=0.943s
complete seed=8 fold=1 d=16 model=random elapsed=0.855s
complete seed=8 fold=1 d=16 model=orthogonal elapsed=0.940s
complete seed=8 fold=1 d=16 model=shuffled elapsed=0.929s
complete seed=8 fold=1 d=32 model=common elapsed=1.517s
complete seed=8 fold=1 d=32 model=shared elapsed=1.539s
complete seed=8 fold=1 d=32 model=separate elapsed=1.537s
complete seed=8 fold=1 d=32 model=random elapsed=1.457s
complete seed=8 fold=1 d=32 model=orthogonal elapsed=1.561s
complete seed=8 fold=1 d=32 model=shuffled elapsed=1.538s
complete seed=8 fold=2 d=1 model=common elapsed=0.642s
complete seed=8 fold=2 d=1 model=shared elapsed=0.640s
complete seed=8 fold=2 d=1 model=separate elapsed=0.641s
complete seed=8 fold=2 d=1 model=random elapsed=0.560s
complete seed=8 fold=2 d=1 model=orthogonal elapsed=0.640s
complete seed=8 fold=2 d=1 model=shuffled elapsed=0.641s
complete seed=8 fold=2 d=2 model=common elapsed=0.689s
complete seed=8 fold=2 d=2 model=shared elapsed=0.686s
complete seed=8 fold=2 d=2 model=separate elapsed=0.686s
complete seed=8 fold=2 d=2 model=random elapsed=0.605s
complete seed=8 fold=2 d=2 model=orthogonal elapsed=0.699s
complete seed=8 fold=2 d=2 model=shuffled elapsed=0.691s
complete seed=8 fold=2 d=4 model=common elapsed=0.711s
complete seed=8 fold=2 d=4 model=shared elapsed=0.719s
complete seed=8 fold=2 d=4 model=separate elapsed=0.715s
complete seed=8 fold=2 d=4 model=random elapsed=0.634s
complete seed=8 fold=2 d=4 model=orthogonal elapsed=0.712s
complete seed=8 fold=2 d=4 model=shuffled elapsed=0.718s
complete seed=8 fold=2 d=8 model=common elapsed=0.762s
complete seed=8 fold=2 d=8 model=shared elapsed=0.753s
complete seed=8 fold=2 d=8 model=separate elapsed=0.756s
complete seed=8 fold=2 d=8 model=random elapsed=0.676s
complete seed=8 fold=2 d=8 model=orthogonal elapsed=0.761s
complete seed=8 fold=2 d=8 model=shuffled elapsed=0.756s
complete seed=8 fold=2 d=16 model=common elapsed=0.936s
complete seed=8 fold=2 d=16 model=shared elapsed=0.935s
complete seed=8 fold=2 d=16 model=separate elapsed=0.940s
complete seed=8 fold=2 d=16 model=random elapsed=0.854s
complete seed=8 fold=2 d=16 model=orthogonal elapsed=0.941s
complete seed=8 fold=2 d=16 model=shuffled elapsed=0.928s
complete seed=8 fold=2 d=32 model=common elapsed=1.523s
complete seed=8 fold=2 d=32 model=shared elapsed=1.532s
complete seed=8 fold=2 d=32 model=separate elapsed=1.537s
complete seed=8 fold=2 d=32 model=random elapsed=1.450s
complete seed=8 fold=2 d=32 model=orthogonal elapsed=1.534s
complete seed=8 fold=2 d=32 model=shuffled elapsed=1.532s
