complete seed=12 fold=0 d=1 model=common elapsed=0.670s
complete seed=12 fold=0 d=1 model=shared elapsed=0.705s
complete seed=12 fold=0 d=1 model=separate elapsed=0.642s
complete seed=12 fold=0 d=1 model=random elapsed=0.574s
complete seed=12 fold=0 d=1 model=orthogonal elapsed=0.664s
complete seed=12 fold=0 d=1 model=shuffled elapsed=0.661s
complete seed=12 fold=0 d=2 model=common elapsed=0.698s
complete seed=12 fold=0 d=2 model=shared elapsed=0.709s
complete seed=12 fold=0 d=2 model=separate elapsed=0.704s
complete seed=12 fold=0 d=2 model=random elapsed=0.613s
complete seed=12 fold=0 d=2 model=orthogonal elapsed=0.713s
complete seed=12 fold=0 d=2 model=shuffled elapsed=0.702s
complete seed=12 fold=0 d=4 model=common elapsed=0.736s
complete seed=12 fold=0 d=4 model=shared elapsed=0.733s
complete seed=12 fold=0 d=4 model=separate elapsed=0.736s
complete seed=12 fold=0 d=4 model=random elapsed=0.639s
complete seed=12 fold=0 d=4 model=orthogonal elapsed=0.730s
complete seed=12 fold=0 d=4 model=shuffled elapsed=0.721s
complete seed=12 fold=0 d=8 model=common elapsed=0.771s
complete seed=12 fold=0 d=8 model=shared elapsed=0.772s
complete seed=12 fold=0 d=8 model=separate elapsed=0.784s
complete seed=12 fold=0 d=8 model=random elapsed=0.683s
complete seed=12 fold=0 d=8 model=orthogonal elapsed=0.771s
complete seed=12 fold=0 d=8 model=shuffled elapsed=0.765s
complete seed=12 fold=0 d=16 model=common elapsed=0.940s
complete seed=12 fold=0 d=16 model=shared elapsed=0.937s
complete seed=12 fold=0 d=16 model=separate elapsed=0.950s
complete seed=12 fold=0 d=16 model=random elapsed=0.854s
complete seed=12 fold=0 d=16 model=orthogonal elapsed=0.936s
complete seed=12 fold=0 d=16 model=shuffled elapsed=0.933s
complete seed=12 fold=0 d=32 model=common elapsed=1.541s
complete seed=12 fold=0 d=32 model=shared elapsed=1.542s
complete seed=12 fold=0 d=32 model=separate elapsed=1.536s
complete seed=12 fold=0 d=32 model=random elapsed=1.459s
complete seed=12 fold=0 d=32 model=orthogonal elapsed=1.531s
complete seed=12 fold=0 d=32 model=shuffled elapsed=1.526s
complete seed=12 fold=1 d=1 model=common elapsed=0.646s
complete seed=12 fold=1 d=1 model=shared elapsed=0.648s
complete seed=12 fold=1 d=1 model=separate elapsed=0.637s
complete seed=12 fold=1 d=1 model=random elapsed=0.557s
complete seed=12 fold=1 d=1 model=orthogonal elapsed=0.638s
complete seed=12 fold=1 d=1 model=shuffled elapsed=0.637s
complete seed=12 fold=1 d=2 model=common elapsed=0.684s
complete seed=12 fold=1 d=2 model=shared elapsed=0.683s
complete seed=12 fold=1 d=2 model=separate elapsed=0.678s
complete seed=12 fold=1 d=2 model=random elapsed=0.595s
complete seed=12 fold=1 d=2 model=orthogonal elapsed=0.693s
complete seed=12 fold=1 d=2 model=shuffled elapsed=0.685s
complete seed=12 fold=1 d=4 model=common elapsed=0.714s
complete seed=12 fold=1 d=4 model=shared elapsed=0.712s
complete seed=12 fold=1 d=4 model=separate elapsed=0.706s
complete seed=12 fold=1 d=4 model=random elapsed=0.623s
complete seed=12 fold=1 d=4 model=orthogonal elapsed=0.712s
complete seed=12 fold=1 d=4 model=shuffled elapsed=0.702s
complete seed=12 fold=1 d=8 model=common elapsed=0.758s
complete seed=12 fold=1 d=8 model=shared elapsed=0.754s
complete seed=12 fold=1 d=8 model=separate elapsed=0.756s
complete seed=12 fold=1 d=8 model=random elapsed=0.680s
complete seed=12 fold=1 d=8 model=orthogonal elapsed=0.758s
complete seed=12 fold=1 d=8 model=shuffled elapsed=0.757s
complete seed=12 fold=1 d=16 model=common elapsed=0.932s
complete seed=12 fold=1 d=16 model=shared elapsed=0.930s
complete seed=12 fold=1 d=16 model=separate elapsed=0.924s
complete seed=12 fold=1 d=16 model=random elapsed=0.844s
complete seed=12 fold=1 d=16 model=orthogonal elapsed=0.937s
complete seed=12 fold=1 d=16 model=shuffled elapsed=0.930s
complete seed=12 fold=1 d=32 model=common elapsed=1.522s
complete seed=12 fold=1 d=32 model=shared elapsed=1.536s
complete seed=12 fold=1 d=32 model=separate elapsed=1.525s
complete seed=12 fold=1 d=32 model=random elapsed=1.443s
complete seed=12 fold=1 d=32 model=orthogonal elapsed=1.545s
complete seed=12 fold=1 d=32 model=shuffled elapsed=1.511s
complete seed=12 fold=2 d=1 model=common elapsed=0.633s
complete seed=12 fold=2 d=1 model=shared elapsed=0.635s
complete seed=12 fold=2 d=1 model=separate elapsed=0.638s
complete seed=12 fold=2 d=1 model=random elapsed=0.555s
complete seed=12 fold=2 d=1 model=orthogonal elapsed=0.639s
complete seed=12 fold=2 d=1 model=shuffled elapsed=0.634s
complete seed=12 fold=2 d=2 model=common elapsed=0.676s
complete seed=12 fold=2 d=2 model=shared elapsed=0.675s
complete seed=12 fold=2 d=2 model=separate elapsed=0.680s
complete seed=12 fold=2 d=2 model=random elapsed=0.596s
complete seed=12 fold=2 d=2 model=orthogonal elapsed=0.679s
complete seed=12 fold=2 d=2 model=shuffled elapsed=0.673s
complete seed=12 fold=2 d=4 model=common elapsed=0.709s
complete seed=12 fold=2 d=4 model=shared elapsed=0.710s
complete seed=12 fold=2 d=4 model=separate elapsed=0.707s
complete seed=12 fold=2 d=4 model=random elapsed=0.625s
complete seed=12 fold=2 d=4 model=orthogonal elapsed=0.710s
complete seed=12 fold=2 d=4 model=shuffled elapsed=0.705s
complete seed=12 fold=2 d=8 model=common elapsed=0.752s
complete seed=12 fold=2 d=8 model=shared elapsed=0.754s
complete seed=12 fold=2 d=8 model=separate elapsed=0.757s
complete seed=12 fold=2 d=8 model=random elapsed=0.671s
complete seed=12 fold=2 d=8 model=orthogonal elapsed=0.760s
complete seed=12 fold=2 d=8 model=shuffled elapsed=0.756s
complete seed=12 fold=2 d=16 model=common elapsed=0.947s
complete seed=12 fold=2 d=16 model=shared elapsed=0.926s
complete seed=12 fold=2 d=16 model=separate elapsed=0.929s
complete seed=12 fold=2 d=16 model=random elapsed=0.849s
complete seed=12 fold=2 d=16 model=orthogonal elapsed=0.928s
complete seed=12 fold=2 d=16 model=shuffled elapsed=0.928s
complete seed=12 fold=2 d=32 model=common elapsed=1.525s
complete seed=12 fold=2 d=32 model=shared elapsed=1.529s
complete seed=12 fold=2 d=32 model=separate elapsed=1.525s
complete seed=12 fold=2 d=32 model=random elapsed=1.440s
complete seed=12 fold=2 d=32 model=orthogonal elapsed=1.543s
complete seed=12 fold=2 d=32 model=shuffled elapsed=1.520s
