complete seed=3 fold=0 d=1 model=common elapsed=0.673s
complete seed=3 fold=0 d=1 model=shared elapsed=0.680s
complete seed=3 fold=0 d=1 model=separate elapsed=0.648s
complete seed=3 fold=0 d=1 model=random elapsed=0.575s
complete seed=3 fold=0 d=1 model=orthogonal elapsed=0.665s
complete seed=3 fold=0 d=1 model=shuffled elapsed=0.670s
complete seed=3 fold=0 d=2 model=common elapsed=0.709s
complete seed=3 fold=0 d=2 model=shared elapsed=0.714s
complete seed=3 fold=0 d=2 model=separate elapsed=0.707s
complete seed=3 fold=0 d=2 model=random elapsed=0.630s
complete seed=3 fold=0 d=2 model=orthogonal elapsed=0.722s
complete seed=3 fold=0 d=2 model=shuffled elapsed=0.714s
complete seed=3 fold=0 d=4 model=common elapsed=0.751s
complete seed=3 fold=0 d=4 model=shared elapsed=0.742s
complete seed=3 fold=0 d=4 model=separate elapsed=0.733s
complete seed=3 fold=0 d=4 model=random elapsed=0.651s
complete seed=3 fold=0 d=4 model=orthogonal elapsed=0.737s
complete seed=3 fold=0 d=4 model=shuffled elapsed=0.741s
complete seed=3 fold=0 d=8 model=common elapsed=0.789s
complete seed=3 fold=0 d=8 model=shared elapsed=0.781s
complete seed=3 fold=0 d=8 model=separate elapsed=0.789s
complete seed=3 fold=0 d=8 model=random elapsed=0.687s
complete seed=3 fold=0 d=8 model=orthogonal elapsed=0.777s
complete seed=3 fold=0 d=8 model=shuffled elapsed=0.769s
complete seed=3 fold=0 d=16 model=common elapsed=0.952s
complete seed=3 fold=0 d=16 model=shared elapsed=0.944s
complete seed=3 fold=0 d=16 model=separate elapsed=0.946s
complete seed=3 fold=0 d=16 model=random elapsed=0.852s
complete seed=3 fold=0 d=16 model=orthogonal elapsed=0.936s
complete seed=3 fold=0 d=16 model=shuffled elapsed=0.938s
complete seed=3 fold=0 d=32 model=common elapsed=1.552s
complete seed=3 fold=0 d=32 model=shared elapsed=1.535s
complete seed=3 fold=0 d=32 model=separate elapsed=1.545s
complete seed=3 fold=0 d=32 model=random elapsed=1.454s
complete seed=3 fold=0 d=32 model=orthogonal elapsed=1.555s
complete seed=3 fold=0 d=32 model=shuffled elapsed=1.527s
complete seed=3 fold=1 d=1 model=common elapsed=0.660s
complete seed=3 fold=1 d=1 model=shared elapsed=0.649s
complete seed=3 fold=1 d=1 model=separate elapsed=0.643s
complete seed=3 fold=1 d=1 model=random elapsed=0.560s
complete seed=3 fold=1 d=1 model=orthogonal elapsed=0.633s
complete seed=3 fold=1 d=1 model=shuffled elapsed=0.631s
complete seed=3 fold=1 d=2 model=common elapsed=0.680s
complete seed=3 fold=1 d=2 model=shared elapsed=0.681s
complete seed=3 fold=1 d=2 model=separate elapsed=0.684s
complete seed=3 fold=1 d=2 model=random elapsed=0.594s
complete seed=3 fold=1 d=2 model=orthogonal elapsed=0.687s
complete seed=3 fold=1 d=2 model=shuffled elapsed=0.676s
complete seed=3 fold=1 d=4 model=common elapsed=0.713s
complete seed=3 fold=1 d=4 model=shared elapsed=0.720s
complete seed=3 fold=1 d=4 model=separate elapsed=0.735s
complete seed=3 fold=1 d=4 model=random elapsed=0.634s
complete seed=3 fold=1 d=4 model=orthogonal elapsed=0.720s
complete seed=3 fold=1 d=4 model=shuffled elapsed=0.713s
complete seed=3 fold=1 d=8 model=common elapsed=0.760s
complete seed=3 fold=1 d=8 model=shared elapsed=0.759s
complete seed=3 fold=1 d=8 model=separate elapsed=0.754s
complete seed=3 fold=1 d=8 model=random elapsed=0.672s
complete seed=3 fold=1 d=8 model=orthogonal elapsed=0.759s
complete seed=3 fold=1 d=8 model=shuffled elapsed=0.757s
complete seed=3 fold=1 d=16 model=common elapsed=0.947s
complete seed=3 fold=1 d=16 model=shared elapsed=0.932s
complete seed=3 fold=1 d=16 model=separate elapsed=0.935s
complete seed=3 fold=1 d=16 model=random elapsed=0.841s
complete seed=3 fold=1 d=16 model=orthogonal elapsed=0.934s
complete seed=3 fold=1 d=16 model=shuffled elapsed=0.924s
complete seed=3 fold=1 d=32 model=common elapsed=1.520s
complete seed=3 fold=1 d=32 model=shared elapsed=1.545s
complete seed=3 fold=1 d=32 model=separate elapsed=1.534s
complete seed=3 fold=1 d=32 model=random elapsed=1.471s
complete seed=3 fold=1 d=32 model=orthogonal elapsed=1.543s
complete seed=3 fold=1 d=32 model=shuffled elapsed=1.526s
complete seed=3 fold=2 d=1 model=common elapsed=0.642s
complete seed=3 fold=2 d=1 model=shared elapsed=0.646s
complete seed=3 fold=2 d=1 model=separate elapsed=0.639s
complete seed=3 fold=2 d=1 model=random elapsed=0.557s
complete seed=3 fold=2 d=1 model=orthogonal elapsed=0.638s
complete seed=3 fold=2 d=1 model=shuffled elapsed=0.639s
complete seed=3 fold=2 d=2 model=common elapsed=0.688s
complete seed=3 fold=2 d=2 model=shared elapsed=0.689s
complete seed=3 fold=2 d=2 model=separate elapsed=0.690s
complete seed=3 fold=2 d=2 model=random elapsed=0.605s
complete seed=3 fold=2 d=2 model=orthogonal elapsed=0.695s
complete seed=3 fold=2 d=2 model=shuffled elapsed=0.685s
complete seed=3 fold=2 d=4 model=common elapsed=0.720s
complete seed=3 fold=2 d=4 model=shared elapsed=0.715s
complete seed=3 fold=2 d=4 model=separate elapsed=0.715s
complete seed=3 fold=2 d=4 model=random elapsed=0.637s
complete seed=3 fold=2 d=4 model=orthogonal elapsed=0.717s
complete seed=3 fold=2 d=4 model=shuffled elapsed=0.710s
complete seed=3 fold=2 d=8 model=common elapsed=0.762s
complete seed=3 fold=2 d=8 model=shared elapsed=0.763s
complete seed=3 fold=2 d=8 model=separate elapsed=0.761s
complete seed=3 fold=2 d=8 model=random elapsed=0.678s
complete seed=3 fold=2 d=8 model=orthogonal elapsed=0.758s
complete seed=3 fold=2 d=8 model=shuffled elapsed=0.755s
complete seed=3 fold=2 d=16 model=common elapsed=0.926s
complete seed=3 fold=2 d=16 model=shared elapsed=0.932s
complete seed=3 fold=2 d=16 model=separate elapsed=0.935s
complete seed=3 fold=2 d=16 model=random elapsed=0.861s
complete seed=3 fold=2 d=16 model=orthogonal elapsed=0.994s
complete seed=3 fold=2 d=16 model=shuffled elapsed=0.916s
complete seed=3 fold=2 d=32 model=common elapsed=1.513s
complete seed=3 fold=2 d=32 model=shared elapsed=1.518s
complete seed=3 fold=2 d=32 model=separate elapsed=1.522s
complete seed=3 fold=2 d=32 model=random elapsed=1.453s
complete seed=3 fold=2 d=32 model=orthogonal elapsed=1.547s
complete seed=3 fold=2 d=32 model=shuffled elapsed=1.530s
