complete seed=16 fold=0 d=1 model=common elapsed=0.677s
complete seed=16 fold=0 d=1 model=shared elapsed=0.666s
complete seed=16 fold=0 d=1 model=separate elapsed=0.657s
complete seed=16 fold=0 d=1 model=random elapsed=0.564s
complete seed=16 fold=0 d=1 model=orthogonal elapsed=0.671s
complete seed=16 fold=0 d=1 model=shuffled elapsed=0.666s
complete seed=16 fold=0 d=2 model=common elapsed=0.777s
complete seed=16 fold=0 d=2 model=shared elapsed=0.716s
complete seed=16 fold=0 d=2 model=separate elapsed=0.697s
complete seed=16 fold=0 d=2 model=random elapsed=0.610s
complete seed=16 fold=0 d=2 model=orthogonal elapsed=0.706s
complete seed=16 fold=0 d=2 model=shuffled elapsed=0.698s
complete seed=16 fold=0 d=4 model=common elapsed=0.733s
complete seed=16 fold=0 d=4 model=shared elapsed=0.729s
complete seed=16 fold=0 d=4 model=separate elapsed=0.720s
complete seed=16 fold=0 d=4 model=random elapsed=0.633s
complete seed=16 fold=0 d=4 model=orthogonal elapsed=0.732s
complete seed=16 fold=0 d=4 model=shuffled elapsed=0.719s
complete seed=16 fold=0 d=8 model=common elapsed=0.782s
complete seed=16 fold=0 d=8 model=shared elapsed=0.782s
complete seed=16 fold=0 d=8 model=separate elapsed=0.769s
complete seed=16 fold=0 d=8 model=random elapsed=0.678s
complete seed=16 fold=0 d=8 model=orthogonal elapsed=0.776s
complete seed=16 fold=0 d=8 model=shuffled elapsed=0.757s
complete seed=16 fold=0 d=16 model=common elapsed=0.951s
complete seed=16 fold=0 d=16 model=shared elapsed=0.939s
complete seed=16 fold=0 d=16 model=separate elapsed=0.934s
complete seed=16 fold=0 d=16 model=random elapsed=0.858s
complete seed=16 fold=0 d=16 model=orthogonal elapsed=0.937s
complete seed=16 fold=0 d=16 model=shuffled elapsed=0.933s
complete seed=16 fold=0 d=32 model=common elapsed=1.532s
complete seed=16 fold=0 d=32 model=shared elapsed=1.540s
complete seed=16 fold=0 d=32 model=separate elapsed=1.547s
complete seed=16 fold=0 d=32 model=random elapsed=1.454s
complete seed=16 fold=0 d=32 model=orthogonal elapsed=1.546s
complete seed=16 fold=0 d=32 model=shuffled elapsed=1.518s
complete seed=16 fold=1 d=1 model=common elapsed=0.637s
complete seed=16 fold=1 d=1 model=shared elapsed=0.634s
complete seed=16 fold=1 d=1 model=separate elapsed=0.635s
complete seed=16 fold=1 d=1 model=random elapsed=0.557s
complete seed=16 fold=1 d=1 model=orthogonal elapsed=0.628s
complete seed=16 fold=1 d=1 model=shuffled elapsed=0.632s
complete seed=16 fold=1 d=2 model=common elapsed=0.671s
complete seed=16 fold=1 d=2 model=shared elapsed=0.672s
complete seed=16 fold=1 d=2 model=separate elapsed=0.674s
complete seed=16 fold=1 d=2 model=random elapsed=0.590s
complete seed=16 fold=1 d=2 model=orthogonal elapsed=0.674s
complete seed=16 fold=1 d=2 model=shuffled elapsed=0.667s
complete seed=16 fold=1 d=4 model=common elapsed=0.696s
complete seed=16 fold=1 d=4 model=shared elapsed=0.698s
complete seed=16 fold=1 d=4 model=separate elapsed=0.707s
complete seed=16 fold=1 d=4 model=random elapsed=0.620s
complete seed=16 fold=1 d=4 model=orthogonal elapsed=0.701s
complete seed=16 fold=1 d=4 model=shuffled elapsed=0.698s
complete seed=16 fold=1 d=8 model=common elapsed=0.748s
complete seed=16 fold=1 d=8 model=shared elapsed=0.748s
complete seed=16 fold=1 d=8 model=separate elapsed=0.757s
complete seed=16 fold=1 d=8 model=random elapsed=0.670s
complete seed=16 fold=1 d=8 model=orthogonal elapsed=0.751s
complete seed=16 fold=1 d=8 model=shuffled elapsed=0.742s
complete seed=16 fold=1 d=16 model=common elapsed=0.919s
complete seed=16 fold=1 d=16 model=shared elapsed=0.921s
complete seed=16 fold=1 d=16 model=separate elapsed=0.929s
complete seed=16 fold=1 d=16 model=random elapsed=0.847s
complete seed=16 fold=1 d=16 model=orthogonal elapsed=0.932s
complete seed=16 fold=1 d=16 model=shuffled elapsed=0.924s
complete seed=16 fold=1 d=32 model=common elapsed=1.521s
complete seed=16 fold=1 d=32 model=shared elapsed=1.533s
complete seed=16 fold=1 d=32 model=separate elapsed=1.546s
complete seed=16 fold=1 d=32 model=random elapsed=1.426s
complete seed=16 fold=1 d=32 model=orthogonal elapsed=1.532s
complete seed=16 fold=1 d=32 model=shuffled elapsed=1.506s
complete seed=16 fold=2 d=1 model=common elapsed=0.626s
complete seed=16 fold=2 d=1 model=shared elapsed=0.631s
complete seed=16 fold=2 d=1 model=separate elapsed=0.632s
complete seed=16 fold=2 d=1 model=random elapsed=0.551s
complete seed=16 fold=2 d=1 model=orthogonal elapsed=0.632s
complete seed=16 fold=2 d=1 model=shuffled elapsed=0.633s
complete seed=16 fold=2 d=2 model=common elapsed=0.676s
complete seed=16 fold=2 d=2 model=shared elapsed=0.674s
complete seed=16 fold=2 d=2 model=separate elapsed=0.673s
complete seed=16 fold=2 d=2 model=random elapsed=0.593s
complete seed=16 fold=2 d=2 model=orthogonal elapsed=0.676s
complete seed=16 fold=2 d=2 model=shuffled elapsed=0.677s
complete seed=16 fold=2 d=4 model=common elapsed=0.710s
complete seed=16 fold=2 d=4 model=shared elapsed=0.707s
complete seed=16 fold=2 d=4 model=separate elapsed=0.709s
complete seed=16 fold=2 d=4 model=random elapsed=0.619s
complete seed=16 fold=2 d=4 model=orthogonal elapsed=0.708s
complete seed=16 fold=2 d=4 model=shuffled elapsed=0.702s
complete seed=16 fold=2 d=8 model=common elapsed=0.751s
complete seed=16 fold=2 d=8 model=shared elapsed=0.752s
complete seed=16 fold=2 d=8 model=separate elapsed=0.750s
complete seed=16 fold=2 d=8 model=random elapsed=0.667s
complete seed=16 fold=2 d=8 model=orthogonal elapsed=0.749s
complete seed=16 fold=2 d=8 model=shuffled elapsed=0.742s
complete seed=16 fold=2 d=16 model=common elapsed=0.924s
complete seed=16 fold=2 d=16 model=shared elapsed=0.929s
complete seed=16 fold=2 d=16 model=separate elapsed=0.925s
complete seed=16 fold=2 d=16 model=random elapsed=0.842s
complete seed=16 fold=2 d=16 model=orthogonal elapsed=0.925s
complete seed=16 fold=2 d=16 model=shuffled elapsed=0.937s
complete seed=16 fold=2 d=32 model=common elapsed=1.542s
complete seed=16 fold=2 d=32 model=shared elapsed=1.518s
complete seed=16 fold=2 d=32 model=separate elapsed=1.543s
complete seed=16 fold=2 d=32 model=random elapsed=1.447s
complete seed=16 fold=2 d=32 model=orthogonal elapsed=1.532s
complete seed=16 fold=2 d=32 model=shuffled elapsed=1.522s
