complete seed=2 fold=0 d=1 model=common elapsed=0.704s
complete seed=2 fold=0 d=1 model=shared elapsed=0.685s
complete seed=2 fold=0 d=1 model=separate elapsed=0.669s
complete seed=2 fold=0 d=1 model=random elapsed=0.590s
complete seed=2 fold=0 d=1 model=orthogonal elapsed=0.680s
complete seed=2 fold=0 d=1 model=shuffled elapsed=0.676s
complete seed=2 fold=0 d=2 model=common elapsed=0.722s
complete seed=2 fold=0 d=2 model=shared elapsed=0.713s
complete seed=2 fold=0 d=2 model=separate elapsed=0.716s
complete seed=2 fold=0 d=2 model=random elapsed=0.618s
complete seed=2 fold=0 d=2 model=orthogonal elapsed=0.705s
complete seed=2 fold=0 d=2 model=shuffled elapsed=0.699s
complete seed=2 fold=0 d=4 model=common elapsed=0.727s
complete seed=2 fold=0 d=4 model=shared elapsed=0.735s
complete seed=2 fold=0 d=4 model=separate elapsed=0.730s
complete seed=2 fold=0 d=4 model=random elapsed=0.649s
complete seed=2 fold=0 d=4 model=orthogonal elapsed=0.742s
complete seed=2 fold=0 d=4 model=shuffled elapsed=0.734s
complete seed=2 fold=0 d=8 model=common elapsed=0.780s
complete seed=2 fold=0 d=8 model=shared elapsed=0.770s
complete seed=2 fold=0 d=8 model=separate elapsed=0.780s
complete seed=2 fold=0 d=8 model=random elapsed=0.690s
complete seed=2 fold=0 d=8 model=orthogonal elapsed=0.772s
complete seed=2 fold=0 d=8 model=shuffled elapsed=0.767s
complete seed=2 fold=0 d=16 model=common elapsed=0.946s
complete seed=2 fold=0 d=16 model=shared elapsed=0.937s
complete seed=2 fold=0 d=16 model=separate elapsed=0.943s
complete seed=2 fold=0 d=16 model=random elapsed=0.856s
complete seed=2 fold=0 d=16 model=orthogonal elapsed=0.942s
complete seed=2 fold=0 d=16 model=shuffled elapsed=0.930s
complete seed=2 fold=0 d=32 model=common elapsed=1.542s
complete seed=2 fold=0 d=32 model=shared elapsed=1.562s
complete seed=2 fold=0 d=32 model=separate elapsed=1.551s
complete seed=2 fold=0 d=32 model=random elapsed=1.461s
complete seed=2 fold=0 d=32 model=orthogonal elapsed=1.550s
complete seed=2 fold=0 d=32 model=shuffled elapsed=1.534s
complete seed=2 fold=1 d=1 model=common elapsed=0.644s
complete seed=2 fold=1 d=1 model=shared elapsed=0.637s
complete seed=2 fold=1 d=1 model=separate elapsed=0.642s
complete seed=2 fold=1 d=1 model=random elapsed=0.557s
complete seed=2 fold=1 d=1 model=orthogonal elapsed=0.635s
complete seed=2 fold=1 d=1 model=shuffled elapsed=0.634s
complete seed=2 fold=1 d=2 model=common elapsed=0.681s
complete seed=2 fold=1 d=2 model=shared elapsed=0.678s
complete seed=2 fold=1 d=2 model=separate elapsed=0.680s
complete seed=2 fold=1 d=2 model=random elapsed=0.596s
complete seed=2 fold=1 d=2 model=orthogonal elapsed=0.675s
complete seed=2 fold=1 d=2 model=shuffled elapsed=0.676s
complete seed=2 fold=1 d=4 model=common elapsed=0.708s
complete seed=2 fold=1 d=4 model=shared elapsed=0.706s
complete seed=2 fold=1 d=4 model=separate elapsed=0.714s
complete seed=2 fold=1 d=4 model=random elapsed=0.629s
complete seed=2 fold=1 d=4 model=orthogonal elapsed=0.711s
complete seed=2 fold=1 d=4 model=shuffled elapsed=0.710s
complete seed=2 fold=1 d=8 model=common elapsed=0.752s
complete seed=2 fold=1 d=8 model=shared elapsed=0.751s
complete seed=2 fold=1 d=8 model=separate elapsed=0.759s
complete seed=2 fold=1 d=8 model=random elapsed=0.679s
complete seed=2 fold=1 d=8 model=orthogonal elapsed=0.757s
complete seed=2 fold=1 d=8 model=shuffled elapsed=0.757s
complete seed=2 fold=1 d=16 model=common elapsed=0.935s
complete seed=2 fold=1 d=16 model=shared elapsed=0.932s
complete seed=2 fold=1 d=16 model=separate elapsed=0.937s
complete seed=2 fold=1 d=16 model=random elapsed=0.843s
complete seed=2 fold=1 d=16 model=orthogonal elapsed=0.932s
complete seed=2 fold=1 d=16 model=shuffled elapsed=0.918s
complete seed=2 fold=1 d=32 model=common elapsed=1.516s
complete seed=2 fold=1 d=32 model=shared elapsed=1.531s
complete seed=2 fold=1 d=32 model=separate elapsed=1.542s
complete seed=2 fold=1 d=32 model=random elapsed=1.465s
complete seed=2 fold=1 d=32 model=orthogonal elapsed=1.544s
complete seed=2 fold=1 d=32 model=shuffled elapsed=1.515s
complete seed=2 fold=2 d=1 model=common elapsed=0.653s
complete seed=2 fold=2 d=1 model=shared elapsed=0.647s
complete seed=2 fold=2 d=1 model=separate elapsed=0.646s
complete seed=2 fold=2 d=1 model=random elapsed=0.562s
complete seed=2 fold=2 d=1 model=orthogonal elapsed=0.645s
complete seed=2 fold=2 d=1 model=shuffled elapsed=0.647s
complete seed=2 fold=2 d=2 model=common elapsed=0.688s
complete seed=2 fold=2 d=2 model=shared elapsed=0.690s
complete seed=2 fold=2 d=2 model=separate elapsed=0.689s
complete seed=2 fold=2 d=2 model=random elapsed=0.604s
complete seed=2 fold=2 d=2 model=orthogonal elapsed=0.694s
complete seed=2 fold=2 d=2 model=shuffled elapsed=0.688s
complete seed=2 fold=2 d=4 model=common elapsed=0.722s
complete seed=2 fold=2 d=4 model=shared elapsed=0.717s
complete seed=2 fold=2 d=4 model=separate elapsed=0.719s
complete seed=2 fold=2 d=4 model=random elapsed=0.630s
complete seed=2 fold=2 d=4 model=orthogonal elapsed=0.721s
complete seed=2 fold=2 d=4 model=shuffled elapsed=0.716s
complete seed=2 fold=2 d=8 model=common elapsed=0.768s
complete seed=2 fold=2 d=8 model=shared elapsed=0.763s
complete seed=2 fold=2 d=8 model=separate elapsed=0.761s
complete seed=2 fold=2 d=8 model=random elapsed=0.678s
complete seed=2 fold=2 d=8 model=orthogonal elapsed=0.766s
complete seed=2 fold=2 d=8 model=shuffled elapsed=0.755s
complete seed=2 fold=2 d=16 model=common elapsed=0.932s
complete seed=2 fold=2 d=16 model=shared elapsed=0.937s
complete seed=2 fold=2 d=16 model=separate elapsed=0.937s
complete seed=2 fold=2 d=16 model=random elapsed=0.847s
complete seed=2 fold=2 d=16 model=orthogonal elapsed=0.936s
complete seed=2 fold=2 d=16 model=shuffled elapsed=0.925s
complete seed=2 fold=2 d=32 model=common elapsed=1.540s
complete seed=2 fold=2 d=32 model=shared elapsed=1.546s
complete seed=2 fold=2 d=32 model=separate elapsed=1.534s
complete seed=2 fold=2 d=32 model=random elapsed=1.449s
complete seed=2 fold=2 d=32 model=orthogonal elapsed=1.548s
complete seed=2 fold=2 d=32 model=shuffled elapsed=1.538s
