complete seed=18 fold=0 d=1 model=common elapsed=0.691s
complete seed=18 fold=0 d=1 model=shared elapsed=0.657s
complete seed=18 fold=0 d=1 model=separate elapsed=0.653s
complete seed=18 fold=0 d=1 model=random elapsed=0.571s
complete seed=18 fold=0 d=1 model=orthogonal elapsed=0.666s
complete seed=18 fold=0 d=1 model=shuffled elapsed=0.666s
complete seed=18 fold=0 d=2 model=common elapsed=0.712s
complete seed=18 fold=0 d=2 model=shared elapsed=0.714s
complete seed=18 fold=0 d=2 model=separate elapsed=0.708s
complete seed=18 fold=0 d=2 model=random elapsed=0.614s
complete seed=18 fold=0 d=2 model=orthogonal elapsed=0.714s
complete seed=18 fold=0 d=2 model=shuffled elapsed=0.697s
complete seed=18 fold=0 d=4 model=common elapsed=0.732s
complete seed=18 fold=0 d=4 model=shared elapsed=0.731s
complete seed=18 fold=0 d=4 model=separate elapsed=0.732s
complete seed=18 fold=0 d=4 model=random elapsed=0.635s
complete seed=18 fold=0 d=4 model=orthogonal elapsed=0.735s
complete seed=18 fold=0 d=4 model=shuffled elapsed=0.723s
complete seed=18 fold=0 d=8 model=common elapsed=0.769s
complete seed=18 fold=0 d=8 model=shared elapsed=0.775s
complete seed=18 fold=0 d=8 model=separate elapsed=0.769s
complete seed=18 fold=0 d=8 model=random elapsed=0.679s
complete seed=18 fold=0 d=8 model=orthogonal elapsed=0.774s
complete seed=18 fold=0 d=8 model=shuffled elapsed=0.772s
complete seed=18 fold=0 d=16 model=common elapsed=0.941s
complete seed=18 fold=0 d=16 model=shared elapsed=0.938s
complete seed=18 fold=0 d=16 model=separate elapsed=0.948s
complete seed=18 fold=0 d=16 model=random elapsed=0.854s
complete seed=18 fold=0 d=16 model=orthogonal elapsed=0.940s
complete seed=18 fold=0 d=16 model=shuffled elapsed=0.929s
complete seed=18 fold=0 d=32 model=common elapsed=1.535s
complete seed=18 fold=0 d=32 model=shared elapsed=1.545s
complete seed=18 fold=0 d=32 model=separate elapsed=1.536s
complete seed=18 fold=0 d=32 model=random elapsed=1.444s
complete seed=18 fold=0 d=32 model=orthogonal elapsed=1.543s
complete seed=18 fold=0 d=32 model=shuffled elapsed=1.522s
complete seed=18 fold=1 d=1 model=common elapsed=0.645s
complete seed=18 fold=1 d=1 model=shared elapsed=0.642s
complete seed=18 fold=1 d=1 model=separate elapsed=0.649s
complete seed=18 fold=1 d=1 model=random elapsed=0.561s
complete seed=18 fold=1 d=1 model=orthogonal elapsed=0.641s
complete seed=18 fold=1 d=1 model=shuffled elapsed=0.639s
complete seed=18 fold=1 d=2 model=common elapsed=0.684s
complete seed=18 fold=1 d=2 model=shared elapsed=0.679s
complete seed=18 fold=1 d=2 model=separate elapsed=0.679s
complete seed=18 fold=1 d=2 model=random elapsed=0.597s
complete seed=18 fold=1 d=2 model=orthogonal elapsed=0.682s
complete seed=18 fold=1 d=2 model=shuffled elapsed=0.677s
complete seed=18 fold=1 d=4 model=common elapsed=0.711s
complete seed=18 fold=1 d=4 model=shared elapsed=0.713s
complete seed=18 fold=1 d=4 model=separate elapsed=0.708s
complete seed=18 fold=1 d=4 model=random elapsed=0.635s
complete seed=18 fold=1 d=4 model=orthogonal elapsed=0.717s
complete seed=18 fold=1 d=4 model=shuffled elapsed=0.712s
complete seed=18 fold=1 d=8 model=common elapsed=0.764s
complete seed=18 fold=1 d=8 model=shared elapsed=0.761s
complete seed=18 fold=1 d=8 model=separate elapsed=0.759s
complete seed=18 fold=1 d=8 model=random elapsed=0.681s
complete seed=18 fold=1 d=8 model=orthogonal elapsed=0.772s
complete seed=18 fold=1 d=8 model=shuffled elapsed=0.758s
complete seed=18 fold=1 d=16 model=common elapsed=0.941s
complete seed=18 fold=1 d=16 model=shared elapsed=0.954s
complete seed=18 fold=1 d=16 model=separate elapsed=0.988s
complete seed=18 fold=1 d=16 model=random elapsed=0.854s
complete seed=18 fold=1 d=16 model=orthogonal elapsed=0.954s
complete seed=18 fold=1 d=16 model=shuffled elapsed=0.938s
complete seed=18 fold=1 d=32 model=common elapsed=1.538s
complete seed=18 fold=1 d=32 model=shared elapsed=1.543s
complete seed=18 fold=1 d=32 model=separate elapsed=1.549s
complete seed=18 fold=1 d=32 model=random elapsed=1.478s
complete seed=18 fold=1 d=32 model=orthogonal elapsed=1.561s
complete seed=18 fold=1 d=32 model=shuffled elapsed=1.526s
complete seed=18 fold=2 d=1 model=common elapsed=0.650s
complete seed=18 fold=2 d=1 model=shared elapsed=0.650s
complete seed=18 fold=2 d=1 model=separate elapsed=0.653s
complete seed=18 fold=2 d=1 model=random elapsed=0.567s
complete seed=18 fold=2 d=1 model=orthogonal elapsed=0.652s
complete seed=18 fold=2 d=1 model=shuffled elapsed=0.650s
complete seed=18 fold=2 d=2 model=common elapsed=0.695s
complete seed=18 fold=2 d=2 model=shared elapsed=0.693s
complete seed=18 fold=2 d=2 model=separate elapsed=0.691s
complete seed=18 fold=2 d=2 model=random elapsed=0.613s
complete seed=18 fold=2 d=2 model=orthogonal elapsed=0.702s
complete seed=18 fold=2 d=2 model=shuffled elapsed=0.691s
complete seed=18 fold=2 d=4 model=common elapsed=0.728s
complete seed=18 fold=2 d=4 model=shared elapsed=0.723s
complete seed=18 fold=2 d=4 model=separate elapsed=0.724s
complete seed=18 fold=2 d=4 model=random elapsed=0.636s
complete seed=18 fold=2 d=4 model=orthogonal elapsed=0.725s
complete seed=18 fold=2 d=4 model=shuffled elapsed=0.735s
complete seed=18 fold=2 d=8 model=common elapsed=0.770s
complete seed=18 fold=2 d=8 model=shared elapsed=0.777s
complete seed=18 fold=2 d=8 model=separate elapsed=0.764s
complete seed=18 fold=2 d=8 model=random elapsed=0.678s
complete seed=18 fold=2 d=8 model=orthogonal elapsed=0.761s
complete seed=18 fold=2 d=8 model=shuffled elapsed=0.752s
complete seed=18 fold=2 d=16 model=common elapsed=0.942s
complete seed=18 fold=2 d=16 model=shared elapsed=0.933s
complete seed=18 fold=2 d=16 model=separate elapsed=0.942s
complete seed=18 fold=2 d=16 model=random elapsed=0.846s
complete seed=18 fold=2 d=16 model=orthogonal elapsed=0.939s
complete seed=18 fold=2 d=16 model=shuffled elapsed=0.923s
complete seed=18 fold=2 d=32 model=common elapsed=1.519s
complete seed=18 fold=2 d=32 model=shared elapsed=1.533s
complete seed=18 fold=2 d=32 model=separate elapsed=1.543s
complete seed=18 fold=2 d=32 model=random elapsed=1.438s
complete seed=18 fold=2 d=32 model=orthogonal elapsed=1.532s
complete seed=18 fold=2 d=32 model=shuffled elapsed=1.526s
