complete seed=15 fold=0 d=1 model=common elapsed=0.690s
complete seed=15 fold=0 d=1 model=shared elapsed=0.675s
complete seed=15 fold=0 d=1 model=separate elapsed=0.656s
complete seed=15 fold=0 d=1 model=random elapsed=0.578s
complete seed=15 fold=0 d=1 model=orthogonal elapsed=0.680s
complete seed=15 fold=0 d=1 model=shuffled elapsed=0.681s
complete seed=15 fold=0 d=2 model=common elapsed=0.719s
complete seed=15 fold=0 d=2 model=shared elapsed=0.719s
complete seed=15 fold=0 d=2 model=separate elapsed=0.707s
complete seed=15 fold=0 d=2 model=random elapsed=0.623s
complete seed=15 fold=0 d=2 model=orthogonal elapsed=0.713s
complete seed=15 fold=0 d=2 model=shuffled elapsed=0.708s
complete seed=15 fold=0 d=4 model=common elapsed=0.740s
complete seed=15 fold=0 d=4 model=shared elapsed=0.734s
complete seed=15 fold=0 d=4 model=separate elapsed=0.737s
complete seed=15 fold=0 d=4 model=random elapsed=0.651s
complete seed=15 fold=0 d=4 model=orthogonal elapsed=0.732s
complete seed=15 fold=0 d=4 model=shuffled elapsed=0.726s
complete seed=15 fold=0 d=8 model=common elapsed=0.783s
complete seed=15 fold=0 d=8 model=shared elapsed=0.780s
complete seed=15 fold=0 d=8 model=separate elapsed=0.772s
complete seed=15 fold=0 d=8 model=random elapsed=0.691s
complete seed=15 fold=0 d=8 model=orthogonal elapsed=0.776s
complete seed=15 fold=0 d=8 model=shuffled elapsed=0.784s
complete seed=15 fold=0 d=16 model=common elapsed=0.944s
complete seed=15 fold=0 d=16 model=shared elapsed=0.948s
complete seed=15 fold=0 d=16 model=separate elapsed=0.949s
complete seed=15 fold=0 d=16 model=random elapsed=0.857s
complete seed=15 fold=0 d=16 model=orthogonal elapsed=0.952s
complete seed=15 fold=0 d=16 model=shuffled elapsed=0.944s
complete seed=15 fold=0 d=32 model=common elapsed=1.540s
complete seed=15 fold=0 d=32 model=shared elapsed=1.541s
complete seed=15 fold=0 d=32 model=separate elapsed=1.543s
complete seed=15 fold=0 d=32 model=random elapsed=1.459s
complete seed=15 fold=0 d=32 model=orthogonal elapsed=1.556s
complete seed=15 fold=0 d=32 model=shuffled elapsed=1.525s
complete seed=15 fold=1 d=1 model=common elapsed=0.648s
complete seed=15 fold=1 d=1 model=shared elapsed=0.640s
complete seed=15 fold=1 d=1 model=separate elapsed=0.643s
complete seed=15 fold=1 d=1 model=random elapsed=0.560s
complete seed=15 fold=1 d=1 model=orthogonal elapsed=0.640s
complete seed=15 fold=1 d=1 model=shuffled elapsed=0.651s
complete seed=15 fold=1 d=2 model=common elapsed=0.693s
complete seed=15 fold=1 d=2 model=shared elapsed=0.693s
complete seed=15 fold=1 d=2 model=separate elapsed=0.686s
complete seed=15 fold=1 d=2 model=random elapsed=0.601s
complete seed=15 fold=1 d=2 model=orthogonal elapsed=0.692s
complete seed=15 fold=1 d=2 model=shuffled elapsed=0.686s
complete seed=15 fold=1 d=4 model=common elapsed=0.721s
complete seed=15 fold=1 d=4 model=shared elapsed=0.721s
complete seed=15 fold=1 d=4 model=separate elapsed=0.716s
complete seed=15 fold=1 d=4 model=random elapsed=0.636s
complete seed=15 fold=1 d=4 model=orthogonal elapsed=0.722s
complete seed=15 fold=1 d=4 model=shuffled elapsed=0.718s
complete seed=15 fold=1 d=8 model=common elapsed=0.767s
complete seed=15 fold=1 d=8 model=shared elapsed=0.766s
complete seed=15 fold=1 d=8 model=separate elapsed=0.763s
complete seed=15 fold=1 d=8 model=random elapsed=0.684s
complete seed=15 fold=1 d=8 model=orthogonal elapsed=0.760s
complete seed=15 fold=1 d=8 model=shuffled elapsed=0.766s
complete seed=15 fold=1 d=16 model=common elapsed=0.942s
complete seed=15 fold=1 d=16 model=shared elapsed=0.937s
complete seed=15 fold=1 d=16 model=separate elapsed=0.942s
complete seed=15 fold=1 d=16 model=random elapsed=0.850s
complete seed=15 fold=1 d=16 model=orthogonal elapsed=0.938s
complete seed=15 fold=1 d=16 model=shuffled elapsed=0.942s
complete seed=15 fold=1 d=32 model=common elapsed=1.544s
complete seed=15 fold=1 d=32 model=shared elapsed=1.548s
complete seed=15 fold=1 d=32 model=separate elapsed=1.548s
complete seed=15 fold=1 d=32 model=random elapsed=1.446s
complete seed=15 fold=1 d=32 model=orthogonal elapsed=1.540s
complete seed=15 fold=1 d=32 model=shuffled elapsed=1.533s
complete seed=15 fold=2 d=1 model=common elapsed=0.673s
complete seed=15 fold=2 d=1 model=shared elapsed=0.642s
complete seed=15 fold=2 d=1 model=separate elapsed=0.641s
complete seed=15 fold=2 d=1 model=random elapsed=0.559s
complete seed=15 fold=2 d=1 model=orthogonal elapsed=0.644s
complete seed=15 fold=2 d=1 model=shuffled elapsed=0.643s
complete seed=15 fold=2 d=2 model=common elapsed=0.690s
complete seed=15 fold=2 d=2 model=shared elapsed=0.687s
complete seed=15 fold=2 d=2 model=separate elapsed=0.688s
complete seed=15 fold=2 d=2 model=random elapsed=0.604s
complete seed=15 fold=2 d=2 model=orthogonal elapsed=0.696s
complete seed=15 fold=2 d=2 model=shuffled elapsed=0.687s
complete seed=15 fold=2 d=4 model=common elapsed=0.718s
complete seed=15 fold=2 d=4 model=shared elapsed=0.718s
complete seed=15 fold=2 d=4 model=separate elapsed=0.721s
complete seed=15 fold=2 d=4 model=random elapsed=0.635s
complete seed=15 fold=2 d=4 model=orthogonal elapsed=0.723s
complete seed=15 fold=2 d=4 model=shuffled elapsed=0.718s
complete seed=15 fold=2 d=8 model=common elapsed=0.773s
complete seed=15 fold=2 d=8 model=shared elapsed=0.766s
complete seed=15 fold=2 d=8 model=separate elapsed=0.770s
complete seed=15 fold=2 d=8 model=random elapsed=0.689s
complete seed=15 fold=2 d=8 model=orthogonal elapsed=0.773s
complete seed=15 fold=2 d=8 model=shuffled elapsed=0.761s
complete seed=15 fold=2 d=16 model=common elapsed=0.937s
complete seed=15 fold=2 d=16 model=shared elapsed=0.945s
complete seed=15 fold=2 d=16 model=separate elapsed=0.932s
complete seed=15 fold=2 d=16 model=random elapsed=0.852s
complete seed=15 fold=2 d=16 model=orthogonal elapsed=0.950s
complete seed=15 fold=2 d=16 model=shuffled elapsed=0.937s
complete seed=15 fold=2 d=32 model=common elapsed=1.547s
complete seed=15 fold=2 d=32 model=shared elapsed=1.546s
complete seed=15 fold=2 d=32 model=separate elapsed=1.548s
complete seed=15 fold=2 d=32 model=random elapsed=1.455s
complete seed=15 fold=2 d=32 model=orthogonal elapsed=1.551s
complete seed=15 fold=2 d=32 model=shuffled elapsed=1.553s
