complete seed=11 fold=0 d=1 model=common elapsed=0.708s
complete seed=11 fold=0 d=1 model=shared elapsed=0.704s
complete seed=11 fold=0 d=1 model=separate elapsed=0.685s
complete seed=11 fold=0 d=1 model=random elapsed=0.578s
complete seed=11 fold=0 d=1 model=orthogonal elapsed=0.669s
complete seed=11 fold=0 d=1 model=shuffled elapsed=0.660s
complete seed=11 fold=0 d=2 model=common elapsed=0.712s
complete seed=11 fold=0 d=2 model=shared elapsed=0.709s
complete seed=11 fold=0 d=2 model=separate elapsed=0.711s
complete seed=11 fold=0 d=2 model=random elapsed=0.615s
complete seed=11 fold=0 d=2 model=orthogonal elapsed=0.815s
complete seed=11 fold=0 d=2 model=shuffled elapsed=0.695s
complete seed=11 fold=0 d=4 model=common elapsed=0.722s
complete seed=11 fold=0 d=4 model=shared elapsed=0.756s
complete seed=11 fold=0 d=4 model=separate elapsed=0.722s
complete seed=11 fold=0 d=4 model=random elapsed=0.641s
complete seed=11 fold=0 d=4 model=orthogonal elapsed=0.722s
complete seed=11 fold=0 d=4 model=shuffled elapsed=0.720s
complete seed=11 fold=0 d=8 model=common elapsed=0.773s
complete seed=11 fold=0 d=8 model=shared elapsed=0.766s
complete seed=11 fold=0 d=8 model=separate elapsed=0.761s
complete seed=11 fold=0 d=8 model=random elapsed=0.681s
complete seed=11 fold=0 d=8 model=orthogonal elapsed=0.773s
complete seed=11 fold=0 d=8 model=shuffled elapsed=0.765s
complete seed=11 fold=0 d=16 model=common elapsed=0.942s
complete seed=11 fold=0 d=16 model=shared elapsed=1.013s
complete seed=11 fold=0 d=16 model=separate elapsed=0.959s
complete seed=11 fold=0 d=16 model=random elapsed=0.865s
complete seed=11 fold=0 d=16 model=orthogonal elapsed=0.950s
complete seed=11 fold=0 d=16 model=shuffled elapsed=0.932s
complete seed=11 fold=0 d=32 model=common elapsed=1.537s
complete seed=11 fold=0 d=32 model=shared elapsed=1.537s
complete seed=11 fold=0 d=32 model=separate elapsed=1.530s
complete seed=11 fold=0 d=32 model=random elapsed=1.449s
complete seed=11 fold=0 d=32 model=orthogonal elapsed=1.549s
complete seed=11 fold=0 d=32 model=shuffled elapsed=1.530s
complete seed=11 fold=1 d=1 model=common elapsed=0.640s
complete seed=11 fold=1 d=1 model=shared elapsed=0.637s
complete seed=11 fold=1 d=1 model=separate elapsed=0.635s
complete seed=11 fold=1 d=1 model=random elapsed=0.557s
complete seed=11 fold=1 d=1 model=orthogonal elapsed=0.639s
complete seed=11 fold=1 d=1 model=shuffled elapsed=0.637s
complete seed=11 fold=1 d=2 model=common elapsed=0.681s
complete seed=11 fold=1 d=2 model=shared elapsed=0.682s
complete seed=11 fold=1 d=2 model=separate elapsed=0.678s
complete seed=11 fold=1 d=2 model=random elapsed=0.599s
complete seed=11 fold=1 d=2 model=orthogonal elapsed=0.689s
complete seed=11 fold=1 d=2 model=shuffled elapsed=0.679s
complete seed=11 fold=1 d=4 model=common elapsed=0.714s
complete seed=11 fold=1 d=4 model=shared elapsed=0.711s
complete seed=11 fold=1 d=4 model=separate elapsed=0.713s
complete seed=11 fold=1 d=4 model=random elapsed=0.629s
complete seed=11 fold=1 d=4 model=orthogonal elapsed=0.713s
complete seed=11 fold=1 d=4 model=shuffled elapsed=0.709s
complete seed=11 fold=1 d=8 model=common elapsed=0.758s
complete seed=11 fold=1 d=8 model=shared elapsed=0.760s
complete seed=11 fold=1 d=8 model=separate elapsed=0.761s
complete seed=11 fold=1 d=8 model=random elapsed=0.676s
complete seed=11 fold=1 d=8 model=orthogonal elapsed=0.761s
complete seed=11 fold=1 d=8 model=shuffled elapsed=0.761s
complete seed=11 fold=1 d=16 model=common elapsed=0.940s
complete seed=11 fold=1 d=16 model=shared elapsed=0.933s
complete seed=11 fold=1 d=16 model=separate elapsed=0.935s
complete seed=11 fold=1 d=16 model=random elapsed=0.849s
complete seed=11 fold=1 d=16 model=orthogonal elapsed=0.934s
complete seed=11 fold=1 d=16 model=shuffled elapsed=0.922s
complete seed=11 fold=1 d=32 model=common elapsed=1.513s
complete seed=11 fold=1 d=32 model=shared elapsed=1.552s
complete seed=11 fold=1 d=32 model=separate elapsed=1.526s
complete seed=11 fold=1 d=32 model=random elapsed=1.465s
complete seed=11 fold=1 d=32 model=orthogonal elapsed=1.546s
complete seed=11 fold=1 d=32 model=shuffled elapsed=1.515s
complete seed=11 fold=2 d=1 model=common elapsed=0.634s
complete seed=11 fold=2 d=1 model=shared elapsed=0.638s
complete seed=11 fold=2 d=1 model=separate elapsed=0.694s
complete seed=11 fold=2 d=1 model=random elapsed=0.568s
complete seed=11 fold=2 d=1 model=orthogonal elapsed=0.642s
complete seed=11 fold=2 d=1 model=shuffled elapsed=0.644s
complete seed=11 fold=2 d=2 model=common elapsed=0.684s
complete seed=11 fold=2 d=2 model=shared elapsed=0.684s
complete seed=11 fold=2 d=2 model=separate elapsed=0.684s
complete seed=11 fold=2 d=2 model=random elapsed=0.599s
complete seed=11 fold=2 d=2 model=orthogonal elapsed=0.873s
complete seed=11 fold=2 d=2 model=shuffled elapsed=0.690s
complete seed=11 fold=2 d=4 model=common elapsed=0.714s
complete seed=11 fold=2 d=4 model=shared elapsed=0.716s
complete seed=11 fold=2 d=4 model=separate elapsed=0.722s
complete seed=11 fold=2 d=4 model=random elapsed=0.635s
complete seed=11 fold=2 d=4 model=orthogonal elapsed=0.716s
complete seed=11 fold=2 d=4 model=shuffled elapsed=0.717s
complete seed=11 fold=2 d=8 model=common elapsed=0.764s
complete seed=11 fold=2 d=8 model=shared elapsed=0.765s
complete seed=11 fold=2 d=8 model=separate elapsed=0.765s
complete seed=11 fold=2 d=8 model=random elapsed=0.693s
complete seed=11 fold=2 d=8 model=orthogonal elapsed=0.764s
complete seed=11 fold=2 d=8 model=shuffled elapsed=0.770s
complete seed=11 fold=2 d=16 model=common elapsed=0.945s
complete seed=11 fold=2 d=16 model=shared elapsed=0.937s
complete seed=11 fold=2 d=16 model=separate elapsed=0.941s
complete seed=11 fold=2 d=16 model=random elapsed=0.859s
complete seed=11 fold=2 d=16 model=orthogonal elapsed=0.957s
complete seed=11 fold=2 d=16 model=shuffled elapsed=0.935s
complete seed=11 fold=2 d=32 model=common elapsed=1.544s
complete seed=11 fold=2 d=32 model=shared elapsed=1.532s
complete seed=11 fold=2 d=32 model=separate elapsed=1.563s
complete seed=11 fold=2 d=32 model=random elapsed=1.459s
complete seed=11 fold=2 d=32 model=orthogonal elapsed=1.557s
complete seed=11 fold=2 d=32 model=shuffled elapsed=1.536s
